{
  "stats": {
    "suites": 7,
    "tests": 9,
    "passes": 0,
    "pending": 0,
    "failures": 9,
    "start": "2022-03-08T21:43:52.198Z",
    "end": "2022-03-08T21:43:57.469Z",
    "duration": 5271,
    "testsRegistered": 9,
    "passPercent": 0,
    "pendingPercent": 0,
    "other": 0,
    "hasOther": false,
    "skipped": 0,
    "hasSkipped": false
  },
  "results": [
    {
      "uuid": "3bb8fba0-edeb-49f3-9cc0-4d86be8ac7c9",
      "title": "",
      "fullFile": "cypress/integration/02-login_spec.js",
      "file": "cypress/integration/02-login_spec.js",
      "beforeHooks": [],
      "afterHooks": [],
      "tests": [],
      "suites": [
        {
          "uuid": "f8283c27-bcd3-41a6-a105-7e5d3bb0f113",
          "title": "2 - Crie todos os elementos que devem respeitar os atributos descritos no protótipo para a tela de login",
          "fullFile": "",
          "file": "",
          "beforeHooks": [],
          "afterHooks": [],
          "tests": [
            {
              "title": "Tem os data-testids email-input, password-input e login-submit-btn",
              "fullTitle": "2 - Crie todos os elementos que devem respeitar os atributos descritos no protótipo para a tela de login Tem os data-testids email-input, password-input e login-submit-btn",
              "timedOut": null,
              "duration": 594,
              "state": "failed",
              "speed": null,
              "pass": false,
              "fail": true,
              "pending": false,
              "context": null,
              "code": "cy.visit('http://localhost:3000/');\ncy.get('[data-testid=\"email-input\"]');\ncy.get('[data-testid=\"password-input\"]');\ncy.get('[data-testid=\"login-submit-btn\"]');",
              "err": {
                "message": "CypressError: `cy.visit()` failed trying to load:\n\nhttp://localhost:3000/\n\nWe attempted to make an http request to this URL but the request failed without a response.\n\nWe received this error at the network level:\n\n  > Error: connect ECONNREFUSED 127.0.0.1:3000\n\nCommon situations why this would fail:\n  - you don't have internet access\n  - you forgot to run / boot your web server\n  - your web server isn't accessible\n  - you have weird network configuration settings on your computer",
                "estack": "CypressError: `cy.visit()` failed trying to load:\n\nhttp://localhost:3000/\n\nWe attempted to make an http request to this URL but the request failed without a response.\n\nWe received this error at the network level:\n\n  > Error: connect ECONNREFUSED 127.0.0.1:3000\n\nCommon situations why this would fail:\n  - you don't have internet access\n  - you forgot to run / boot your web server\n  - your web server isn't accessible\n  - you have weird network configuration settings on your computer\n    at http://localhost:38683/__cypress/runner/cypress_runner.js:159050:82\n    at visitFailedByErr (http://localhost:38683/__cypress/runner/cypress_runner.js:158403:12)\n    at http://localhost:38683/__cypress/runner/cypress_runner.js:159049:11\n    at tryCatcher (http://localhost:38683/__cypress/runner/cypress_runner.js:13196:23)\n    at Promise._settlePromiseFromHandler (http://localhost:38683/__cypress/runner/cypress_runner.js:11131:31)\n    at Promise._settlePromise (http://localhost:38683/__cypress/runner/cypress_runner.js:11188:18)\n    at Promise._settlePromise0 (http://localhost:38683/__cypress/runner/cypress_runner.js:11233:10)\n    at Promise._settlePromises (http://localhost:38683/__cypress/runner/cypress_runner.js:11309:18)\n    at _drainQueueStep (http://localhost:38683/__cypress/runner/cypress_runner.js:7903:12)\n    at _drainQueue (http://localhost:38683/__cypress/runner/cypress_runner.js:7896:9)\n    at Async.../../node_modules/bluebird/js/release/async.js.Async._drainQueues (http://localhost:38683/__cypress/runner/cypress_runner.js:7912:5)\n    at Async.drainQueues (http://localhost:38683/__cypress/runner/cypress_runner.js:7782:14)\nFrom Your Spec Code:\n    at Context.eval (http://localhost:38683/__cypress/tests?p=cypress/integration/02-login_spec.js:102:8)\n\nFrom Node.js Internals:\n  Error: connect ECONNREFUSED 127.0.0.1:3000\n      at TCPConnectWrap.afterConnect [as oncomplete] (node:net:1142:16)\n  ",
                "diff": null
              },
              "uuid": "4fc362f5-ffe9-429d-a3f5-932156e92794",
              "parentUUID": "f8283c27-bcd3-41a6-a105-7e5d3bb0f113",
              "isHook": false,
              "skipped": false
            }
          ],
          "suites": [],
          "passes": [],
          "failures": [
            "4fc362f5-ffe9-429d-a3f5-932156e92794"
          ],
          "pending": [],
          "skipped": [],
          "duration": 594,
          "root": false,
          "rootEmpty": false,
          "_timeout": 2000
        },
        {
          "uuid": "d703a208-2d8f-4f9e-ae2a-eb4d5a770187",
          "title": "3 - Desenvolva a tela de maneira que a pessoa deve conseguir escrever seu email no input de email",
          "fullFile": "",
          "file": "",
          "beforeHooks": [],
          "afterHooks": [],
          "tests": [
            {
              "title": "É possível escrever o email",
              "fullTitle": "3 - Desenvolva a tela de maneira que a pessoa deve conseguir escrever seu email no input de email É possível escrever o email",
              "timedOut": null,
              "duration": 565,
              "state": "failed",
              "speed": null,
              "pass": false,
              "fail": true,
              "pending": false,
              "context": null,
              "code": "cy.visit('http://localhost:3000/');\ncy.get('[data-testid=\"email-input\"]').type('email@mail.com');\ncy.get('[data-testid=\"email-input\"]').should('have.value', 'email@mail.com');",
              "err": {
                "message": "CypressError: `cy.visit()` failed trying to load:\n\nhttp://localhost:3000/\n\nWe attempted to make an http request to this URL but the request failed without a response.\n\nWe received this error at the network level:\n\n  > Error: connect ECONNREFUSED 127.0.0.1:3000\n\nCommon situations why this would fail:\n  - you don't have internet access\n  - you forgot to run / boot your web server\n  - your web server isn't accessible\n  - you have weird network configuration settings on your computer",
                "estack": "CypressError: `cy.visit()` failed trying to load:\n\nhttp://localhost:3000/\n\nWe attempted to make an http request to this URL but the request failed without a response.\n\nWe received this error at the network level:\n\n  > Error: connect ECONNREFUSED 127.0.0.1:3000\n\nCommon situations why this would fail:\n  - you don't have internet access\n  - you forgot to run / boot your web server\n  - your web server isn't accessible\n  - you have weird network configuration settings on your computer\n    at http://localhost:38683/__cypress/runner/cypress_runner.js:159050:82\n    at visitFailedByErr (http://localhost:38683/__cypress/runner/cypress_runner.js:158403:12)\n    at http://localhost:38683/__cypress/runner/cypress_runner.js:159049:11\n    at tryCatcher (http://localhost:38683/__cypress/runner/cypress_runner.js:13196:23)\n    at Promise._settlePromiseFromHandler (http://localhost:38683/__cypress/runner/cypress_runner.js:11131:31)\n    at Promise._settlePromise (http://localhost:38683/__cypress/runner/cypress_runner.js:11188:18)\n    at Promise._settlePromise0 (http://localhost:38683/__cypress/runner/cypress_runner.js:11233:10)\n    at Promise._settlePromises (http://localhost:38683/__cypress/runner/cypress_runner.js:11309:18)\n    at _drainQueueStep (http://localhost:38683/__cypress/runner/cypress_runner.js:7903:12)\n    at _drainQueue (http://localhost:38683/__cypress/runner/cypress_runner.js:7896:9)\n    at Async.../../node_modules/bluebird/js/release/async.js.Async._drainQueues (http://localhost:38683/__cypress/runner/cypress_runner.js:7912:5)\n    at Async.drainQueues (http://localhost:38683/__cypress/runner/cypress_runner.js:7782:14)\nFrom Your Spec Code:\n    at Context.eval (http://localhost:38683/__cypress/tests?p=cypress/integration/02-login_spec.js:110:8)\n\nFrom Node.js Internals:\n  Error: connect ECONNREFUSED 127.0.0.1:3000\n      at TCPConnectWrap.afterConnect [as oncomplete] (node:net:1142:16)\n  ",
                "diff": null
              },
              "uuid": "1e565600-002c-4539-9352-224098e41ecb",
              "parentUUID": "d703a208-2d8f-4f9e-ae2a-eb4d5a770187",
              "isHook": false,
              "skipped": false
            }
          ],
          "suites": [],
          "passes": [],
          "failures": [
            "1e565600-002c-4539-9352-224098e41ecb"
          ],
          "pending": [],
          "skipped": [],
          "duration": 565,
          "root": false,
          "rootEmpty": false,
          "_timeout": 2000
        },
        {
          "uuid": "274c2eb0-8f23-41e0-a534-178f2055fc2a",
          "title": "4 - Desenvolva a tela de maneira que a pessoa deve conseguir escrever sua senha no input de senha",
          "fullFile": "",
          "file": "",
          "beforeHooks": [],
          "afterHooks": [],
          "tests": [
            {
              "title": "É possível escrever a senha",
              "fullTitle": "4 - Desenvolva a tela de maneira que a pessoa deve conseguir escrever sua senha no input de senha É possível escrever a senha",
              "timedOut": null,
              "duration": 552,
              "state": "failed",
              "speed": null,
              "pass": false,
              "fail": true,
              "pending": false,
              "context": null,
              "code": "cy.visit('http://localhost:3000/');\ncy.get('[data-testid=\"password-input\"]').type('1234567');\ncy.get('[data-testid=\"password-input\"]').should('have.value', '1234567');",
              "err": {
                "message": "CypressError: `cy.visit()` failed trying to load:\n\nhttp://localhost:3000/\n\nWe attempted to make an http request to this URL but the request failed without a response.\n\nWe received this error at the network level:\n\n  > Error: connect ECONNREFUSED 127.0.0.1:3000\n\nCommon situations why this would fail:\n  - you don't have internet access\n  - you forgot to run / boot your web server\n  - your web server isn't accessible\n  - you have weird network configuration settings on your computer",
                "estack": "CypressError: `cy.visit()` failed trying to load:\n\nhttp://localhost:3000/\n\nWe attempted to make an http request to this URL but the request failed without a response.\n\nWe received this error at the network level:\n\n  > Error: connect ECONNREFUSED 127.0.0.1:3000\n\nCommon situations why this would fail:\n  - you don't have internet access\n  - you forgot to run / boot your web server\n  - your web server isn't accessible\n  - you have weird network configuration settings on your computer\n    at http://localhost:38683/__cypress/runner/cypress_runner.js:159050:82\n    at visitFailedByErr (http://localhost:38683/__cypress/runner/cypress_runner.js:158403:12)\n    at http://localhost:38683/__cypress/runner/cypress_runner.js:159049:11\n    at tryCatcher (http://localhost:38683/__cypress/runner/cypress_runner.js:13196:23)\n    at Promise._settlePromiseFromHandler (http://localhost:38683/__cypress/runner/cypress_runner.js:11131:31)\n    at Promise._settlePromise (http://localhost:38683/__cypress/runner/cypress_runner.js:11188:18)\n    at Promise._settlePromise0 (http://localhost:38683/__cypress/runner/cypress_runner.js:11233:10)\n    at Promise._settlePromises (http://localhost:38683/__cypress/runner/cypress_runner.js:11309:18)\n    at _drainQueueStep (http://localhost:38683/__cypress/runner/cypress_runner.js:7903:12)\n    at _drainQueue (http://localhost:38683/__cypress/runner/cypress_runner.js:7896:9)\n    at Async.../../node_modules/bluebird/js/release/async.js.Async._drainQueues (http://localhost:38683/__cypress/runner/cypress_runner.js:7912:5)\n    at Async.drainQueues (http://localhost:38683/__cypress/runner/cypress_runner.js:7782:14)\nFrom Your Spec Code:\n    at Context.eval (http://localhost:38683/__cypress/tests?p=cypress/integration/02-login_spec.js:117:8)\n\nFrom Node.js Internals:\n  Error: connect ECONNREFUSED 127.0.0.1:3000\n      at TCPConnectWrap.afterConnect [as oncomplete] (node:net:1142:16)\n  ",
                "diff": null
              },
              "uuid": "2def0f83-f863-4471-ab58-469a64646e5f",
              "parentUUID": "274c2eb0-8f23-41e0-a534-178f2055fc2a",
              "isHook": false,
              "skipped": false
            }
          ],
          "suites": [],
          "passes": [],
          "failures": [
            "2def0f83-f863-4471-ab58-469a64646e5f"
          ],
          "pending": [],
          "skipped": [],
          "duration": 552,
          "root": false,
          "rootEmpty": false,
          "_timeout": 2000
        },
        {
          "uuid": "c9b34552-decb-4c82-899f-adfb9e3cfac0",
          "title": "5 - Desenvolva a tela de maneira que o formulário só seja válido após um email válido e uma senha de mais de 6 caracteres serem preenchidos",
          "fullFile": "",
          "file": "",
          "beforeHooks": [],
          "afterHooks": [],
          "tests": [
            {
              "title": "O botão deve estar desativado se o email for inválido",
              "fullTitle": "5 - Desenvolva a tela de maneira que o formulário só seja válido após um email válido e uma senha de mais de 6 caracteres serem preenchidos O botão deve estar desativado se o email for inválido",
              "timedOut": null,
              "duration": 550,
              "state": "failed",
              "speed": null,
              "pass": false,
              "fail": true,
              "pending": false,
              "context": null,
              "code": "cy.visit('http://localhost:3000/');\ncy.get('[data-testid=\"login-submit-btn\"]').should('be.disabled');\ncy.get('[data-testid=\"email-input\"]').type('email@mail');\ncy.get('[data-testid=\"password-input\"]').type('1234567');\ncy.get('[data-testid=\"login-submit-btn\"]').should('be.disabled');\ncy.get('[data-testid=\"email-input\"]').clear().type('email.com');\ncy.get('[data-testid=\"login-submit-btn\"]').should('be.disabled');",
              "err": {
                "message": "CypressError: `cy.visit()` failed trying to load:\n\nhttp://localhost:3000/\n\nWe attempted to make an http request to this URL but the request failed without a response.\n\nWe received this error at the network level:\n\n  > Error: connect ECONNREFUSED 127.0.0.1:3000\n\nCommon situations why this would fail:\n  - you don't have internet access\n  - you forgot to run / boot your web server\n  - your web server isn't accessible\n  - you have weird network configuration settings on your computer",
                "estack": "CypressError: `cy.visit()` failed trying to load:\n\nhttp://localhost:3000/\n\nWe attempted to make an http request to this URL but the request failed without a response.\n\nWe received this error at the network level:\n\n  > Error: connect ECONNREFUSED 127.0.0.1:3000\n\nCommon situations why this would fail:\n  - you don't have internet access\n  - you forgot to run / boot your web server\n  - your web server isn't accessible\n  - you have weird network configuration settings on your computer\n    at http://localhost:38683/__cypress/runner/cypress_runner.js:159050:82\n    at visitFailedByErr (http://localhost:38683/__cypress/runner/cypress_runner.js:158403:12)\n    at http://localhost:38683/__cypress/runner/cypress_runner.js:159049:11\n    at tryCatcher (http://localhost:38683/__cypress/runner/cypress_runner.js:13196:23)\n    at Promise._settlePromiseFromHandler (http://localhost:38683/__cypress/runner/cypress_runner.js:11131:31)\n    at Promise._settlePromise (http://localhost:38683/__cypress/runner/cypress_runner.js:11188:18)\n    at Promise._settlePromise0 (http://localhost:38683/__cypress/runner/cypress_runner.js:11233:10)\n    at Promise._settlePromises (http://localhost:38683/__cypress/runner/cypress_runner.js:11309:18)\n    at _drainQueueStep (http://localhost:38683/__cypress/runner/cypress_runner.js:7903:12)\n    at _drainQueue (http://localhost:38683/__cypress/runner/cypress_runner.js:7896:9)\n    at Async.../../node_modules/bluebird/js/release/async.js.Async._drainQueues (http://localhost:38683/__cypress/runner/cypress_runner.js:7912:5)\n    at Async.drainQueues (http://localhost:38683/__cypress/runner/cypress_runner.js:7782:14)\nFrom Your Spec Code:\n    at Context.eval (http://localhost:38683/__cypress/tests?p=cypress/integration/02-login_spec.js:124:8)\n\nFrom Node.js Internals:\n  Error: connect ECONNREFUSED 127.0.0.1:3000\n      at TCPConnectWrap.afterConnect [as oncomplete] (node:net:1142:16)\n  ",
                "diff": null
              },
              "uuid": "85822ea8-299d-4454-bb39-b495a0714d79",
              "parentUUID": "c9b34552-decb-4c82-899f-adfb9e3cfac0",
              "isHook": false,
              "skipped": false
            },
            {
              "title": "O botão deve estar desativado se a senha deve tiver 6 caracteres ou menos",
              "fullTitle": "5 - Desenvolva a tela de maneira que o formulário só seja válido após um email válido e uma senha de mais de 6 caracteres serem preenchidos O botão deve estar desativado se a senha deve tiver 6 caracteres ou menos",
              "timedOut": null,
              "duration": 562,
              "state": "failed",
              "speed": null,
              "pass": false,
              "fail": true,
              "pending": false,
              "context": null,
              "code": "cy.visit('http://localhost:3000/');\ncy.get('[data-testid=\"login-submit-btn\"]').should('be.disabled');\ncy.get('[data-testid=\"email-input\"]').type('email@mail.com');\ncy.get('[data-testid=\"password-input\"]').type('123456');\ncy.get('[data-testid=\"login-submit-btn\"]').should('be.disabled');",
              "err": {
                "message": "CypressError: `cy.visit()` failed trying to load:\n\nhttp://localhost:3000/\n\nWe attempted to make an http request to this URL but the request failed without a response.\n\nWe received this error at the network level:\n\n  > Error: connect ECONNREFUSED 127.0.0.1:3000\n\nCommon situations why this would fail:\n  - you don't have internet access\n  - you forgot to run / boot your web server\n  - your web server isn't accessible\n  - you have weird network configuration settings on your computer",
                "estack": "CypressError: `cy.visit()` failed trying to load:\n\nhttp://localhost:3000/\n\nWe attempted to make an http request to this URL but the request failed without a response.\n\nWe received this error at the network level:\n\n  > Error: connect ECONNREFUSED 127.0.0.1:3000\n\nCommon situations why this would fail:\n  - you don't have internet access\n  - you forgot to run / boot your web server\n  - your web server isn't accessible\n  - you have weird network configuration settings on your computer\n    at http://localhost:38683/__cypress/runner/cypress_runner.js:159050:82\n    at visitFailedByErr (http://localhost:38683/__cypress/runner/cypress_runner.js:158403:12)\n    at http://localhost:38683/__cypress/runner/cypress_runner.js:159049:11\n    at tryCatcher (http://localhost:38683/__cypress/runner/cypress_runner.js:13196:23)\n    at Promise._settlePromiseFromHandler (http://localhost:38683/__cypress/runner/cypress_runner.js:11131:31)\n    at Promise._settlePromise (http://localhost:38683/__cypress/runner/cypress_runner.js:11188:18)\n    at Promise._settlePromise0 (http://localhost:38683/__cypress/runner/cypress_runner.js:11233:10)\n    at Promise._settlePromises (http://localhost:38683/__cypress/runner/cypress_runner.js:11309:18)\n    at _drainQueueStep (http://localhost:38683/__cypress/runner/cypress_runner.js:7903:12)\n    at _drainQueue (http://localhost:38683/__cypress/runner/cypress_runner.js:7896:9)\n    at Async.../../node_modules/bluebird/js/release/async.js.Async._drainQueues (http://localhost:38683/__cypress/runner/cypress_runner.js:7912:5)\n    at Async.drainQueues (http://localhost:38683/__cypress/runner/cypress_runner.js:7782:14)\nFrom Your Spec Code:\n    at Context.eval (http://localhost:38683/__cypress/tests?p=cypress/integration/02-login_spec.js:133:8)\n\nFrom Node.js Internals:\n  Error: connect ECONNREFUSED 127.0.0.1:3000\n      at TCPConnectWrap.afterConnect [as oncomplete] (node:net:1142:16)\n  ",
                "diff": null
              },
              "uuid": "4ecd0b5f-1f6b-47fd-ab73-df3c9b562e22",
              "parentUUID": "c9b34552-decb-4c82-899f-adfb9e3cfac0",
              "isHook": false,
              "skipped": false
            },
            {
              "title": "O botão deve estar ativado se o email e a senha forem válidos",
              "fullTitle": "5 - Desenvolva a tela de maneira que o formulário só seja válido após um email válido e uma senha de mais de 6 caracteres serem preenchidos O botão deve estar ativado se o email e a senha forem válidos",
              "timedOut": null,
              "duration": 563,
              "state": "failed",
              "speed": null,
              "pass": false,
              "fail": true,
              "pending": false,
              "context": null,
              "code": "cy.visit('http://localhost:3000/');\ncy.get('[data-testid=\"login-submit-btn\"]').should('be.disabled');\ncy.get('[data-testid=\"email-input\"]').type('email@mail.com');\ncy.get('[data-testid=\"password-input\"]').type('1234567');\ncy.get('[data-testid=\"login-submit-btn\"]').should('not.be.disabled');",
              "err": {
                "message": "CypressError: `cy.visit()` failed trying to load:\n\nhttp://localhost:3000/\n\nWe attempted to make an http request to this URL but the request failed without a response.\n\nWe received this error at the network level:\n\n  > Error: connect ECONNREFUSED 127.0.0.1:3000\n\nCommon situations why this would fail:\n  - you don't have internet access\n  - you forgot to run / boot your web server\n  - your web server isn't accessible\n  - you have weird network configuration settings on your computer",
                "estack": "CypressError: `cy.visit()` failed trying to load:\n\nhttp://localhost:3000/\n\nWe attempted to make an http request to this URL but the request failed without a response.\n\nWe received this error at the network level:\n\n  > Error: connect ECONNREFUSED 127.0.0.1:3000\n\nCommon situations why this would fail:\n  - you don't have internet access\n  - you forgot to run / boot your web server\n  - your web server isn't accessible\n  - you have weird network configuration settings on your computer\n    at http://localhost:38683/__cypress/runner/cypress_runner.js:159050:82\n    at visitFailedByErr (http://localhost:38683/__cypress/runner/cypress_runner.js:158403:12)\n    at http://localhost:38683/__cypress/runner/cypress_runner.js:159049:11\n    at tryCatcher (http://localhost:38683/__cypress/runner/cypress_runner.js:13196:23)\n    at Promise._settlePromiseFromHandler (http://localhost:38683/__cypress/runner/cypress_runner.js:11131:31)\n    at Promise._settlePromise (http://localhost:38683/__cypress/runner/cypress_runner.js:11188:18)\n    at Promise._settlePromise0 (http://localhost:38683/__cypress/runner/cypress_runner.js:11233:10)\n    at Promise._settlePromises (http://localhost:38683/__cypress/runner/cypress_runner.js:11309:18)\n    at _drainQueueStep (http://localhost:38683/__cypress/runner/cypress_runner.js:7903:12)\n    at _drainQueue (http://localhost:38683/__cypress/runner/cypress_runner.js:7896:9)\n    at Async.../../node_modules/bluebird/js/release/async.js.Async._drainQueues (http://localhost:38683/__cypress/runner/cypress_runner.js:7912:5)\n    at Async.drainQueues (http://localhost:38683/__cypress/runner/cypress_runner.js:7782:14)\nFrom Your Spec Code:\n    at Context.eval (http://localhost:38683/__cypress/tests?p=cypress/integration/02-login_spec.js:140:8)\n\nFrom Node.js Internals:\n  Error: connect ECONNREFUSED 127.0.0.1:3000\n      at TCPConnectWrap.afterConnect [as oncomplete] (node:net:1142:16)\n  ",
                "diff": null
              },
              "uuid": "48ed5bfa-6f3f-4715-8521-87a85d571461",
              "parentUUID": "c9b34552-decb-4c82-899f-adfb9e3cfac0",
              "isHook": false,
              "skipped": false
            }
          ],
          "suites": [],
          "passes": [],
          "failures": [
            "85822ea8-299d-4454-bb39-b495a0714d79",
            "4ecd0b5f-1f6b-47fd-ab73-df3c9b562e22",
            "48ed5bfa-6f3f-4715-8521-87a85d571461"
          ],
          "pending": [],
          "skipped": [],
          "duration": 1675,
          "root": false,
          "rootEmpty": false,
          "_timeout": 2000
        },
        {
          "uuid": "2fedb03e-6077-4f91-9eaa-dbc06e583fea",
          "title": "6 - Salve 2 tokens no localStorage após a submissão, identificados pelas chaves mealsToken e cocktailsToken",
          "fullFile": "",
          "file": "",
          "beforeHooks": [],
          "afterHooks": [],
          "tests": [
            {
              "title": "Após a submissão mealsToken e cocktailsToken devem estar salvos em localStorage",
              "fullTitle": "6 - Salve 2 tokens no localStorage após a submissão, identificados pelas chaves mealsToken e cocktailsToken Após a submissão mealsToken e cocktailsToken devem estar salvos em localStorage",
              "timedOut": null,
              "duration": 555,
              "state": "failed",
              "speed": null,
              "pass": false,
              "fail": true,
              "pending": false,
              "context": null,
              "code": "cy.visit('http://localhost:3000/', {\n  onBeforeLoad(win) {\n    win.localStorage.clear();\n  }\n});\ncy.get('[data-testid=\"login-submit-btn\"]').should('be.disabled');\ncy.window().then(win => {\n  expect(win.localStorage.getItem('mealsToken')).to.be.null;\n  expect(win.localStorage.getItem('cocktailsToken')).to.be.null;\n});\ncy.get('[data-testid=\"email-input\"]').type('email@mail.com');\ncy.get('[data-testid=\"password-input\"]').type('1234567');\ncy.get('[data-testid=\"login-submit-btn\"]').click();\ncy.window().then(win => {\n  expect(win.localStorage.getItem('mealsToken')).to.eq('1');\n  expect(win.localStorage.getItem('cocktailsToken')).to.eq('1');\n  win.localStorage.clear();\n});",
              "err": {
                "message": "CypressError: `cy.visit()` failed trying to load:\n\nhttp://localhost:3000/\n\nWe attempted to make an http request to this URL but the request failed without a response.\n\nWe received this error at the network level:\n\n  > Error: connect ECONNREFUSED 127.0.0.1:3000\n\nCommon situations why this would fail:\n  - you don't have internet access\n  - you forgot to run / boot your web server\n  - your web server isn't accessible\n  - you have weird network configuration settings on your computer",
                "estack": "CypressError: `cy.visit()` failed trying to load:\n\nhttp://localhost:3000/\n\nWe attempted to make an http request to this URL but the request failed without a response.\n\nWe received this error at the network level:\n\n  > Error: connect ECONNREFUSED 127.0.0.1:3000\n\nCommon situations why this would fail:\n  - you don't have internet access\n  - you forgot to run / boot your web server\n  - your web server isn't accessible\n  - you have weird network configuration settings on your computer\n    at http://localhost:38683/__cypress/runner/cypress_runner.js:159050:82\n    at visitFailedByErr (http://localhost:38683/__cypress/runner/cypress_runner.js:158403:12)\n    at http://localhost:38683/__cypress/runner/cypress_runner.js:159049:11\n    at tryCatcher (http://localhost:38683/__cypress/runner/cypress_runner.js:13196:23)\n    at Promise._settlePromiseFromHandler (http://localhost:38683/__cypress/runner/cypress_runner.js:11131:31)\n    at Promise._settlePromise (http://localhost:38683/__cypress/runner/cypress_runner.js:11188:18)\n    at Promise._settlePromise0 (http://localhost:38683/__cypress/runner/cypress_runner.js:11233:10)\n    at Promise._settlePromises (http://localhost:38683/__cypress/runner/cypress_runner.js:11309:18)\n    at _drainQueueStep (http://localhost:38683/__cypress/runner/cypress_runner.js:7903:12)\n    at _drainQueue (http://localhost:38683/__cypress/runner/cypress_runner.js:7896:9)\n    at Async.../../node_modules/bluebird/js/release/async.js.Async._drainQueues (http://localhost:38683/__cypress/runner/cypress_runner.js:7912:5)\n    at Async.drainQueues (http://localhost:38683/__cypress/runner/cypress_runner.js:7782:14)\nFrom Your Spec Code:\n    at Context.eval (http://localhost:38683/__cypress/tests?p=cypress/integration/02-login_spec.js:149:8)\n\nFrom Node.js Internals:\n  Error: connect ECONNREFUSED 127.0.0.1:3000\n      at TCPConnectWrap.afterConnect [as oncomplete] (node:net:1142:16)\n  ",
                "diff": null
              },
              "uuid": "b6644c5f-07d8-4b1e-9e39-3cf5f61914db",
              "parentUUID": "2fedb03e-6077-4f91-9eaa-dbc06e583fea",
              "isHook": false,
              "skipped": false
            }
          ],
          "suites": [],
          "passes": [],
          "failures": [
            "b6644c5f-07d8-4b1e-9e39-3cf5f61914db"
          ],
          "pending": [],
          "skipped": [],
          "duration": 555,
          "root": false,
          "rootEmpty": false,
          "_timeout": 2000
        },
        {
          "uuid": "33324a04-d534-4e90-aa4b-37692777e8cd",
          "title": "7 - Salve o e-mail da pessoa usuária no localStorage na chave user após a submissão",
          "fullFile": "",
          "file": "",
          "beforeHooks": [],
          "afterHooks": [],
          "tests": [
            {
              "title": "Após a submissão a chave user deve estar salva em localStorage",
              "fullTitle": "7 - Salve o e-mail da pessoa usuária no localStorage na chave user após a submissão Após a submissão a chave user deve estar salva em localStorage",
              "timedOut": null,
              "duration": 555,
              "state": "failed",
              "speed": null,
              "pass": false,
              "fail": true,
              "pending": false,
              "context": null,
              "code": "cy.visit('http://localhost:3000/', {\n  onBeforeLoad(win) {\n    win.localStorage.clear();\n  }\n});\ncy.get('[data-testid=\"login-submit-btn\"]').should('be.disabled');\ncy.window().then(win => {\n  expect(win.localStorage.getItem('user')).to.be.null;\n});\ncy.get('[data-testid=\"email-input\"]').type('email@mail.com');\ncy.get('[data-testid=\"password-input\"]').type('1234567');\ncy.get('[data-testid=\"login-submit-btn\"]').click();\ncy.window().then(win => {\n  expect(JSON.parse(win.localStorage.getItem('user'))).to.deep.eq({\n    email: 'email@mail.com'\n  });\n  win.localStorage.clear();\n});",
              "err": {
                "message": "CypressError: `cy.visit()` failed trying to load:\n\nhttp://localhost:3000/\n\nWe attempted to make an http request to this URL but the request failed without a response.\n\nWe received this error at the network level:\n\n  > Error: connect ECONNREFUSED 127.0.0.1:3000\n\nCommon situations why this would fail:\n  - you don't have internet access\n  - you forgot to run / boot your web server\n  - your web server isn't accessible\n  - you have weird network configuration settings on your computer",
                "estack": "CypressError: `cy.visit()` failed trying to load:\n\nhttp://localhost:3000/\n\nWe attempted to make an http request to this URL but the request failed without a response.\n\nWe received this error at the network level:\n\n  > Error: connect ECONNREFUSED 127.0.0.1:3000\n\nCommon situations why this would fail:\n  - you don't have internet access\n  - you forgot to run / boot your web server\n  - your web server isn't accessible\n  - you have weird network configuration settings on your computer\n    at http://localhost:38683/__cypress/runner/cypress_runner.js:159050:82\n    at visitFailedByErr (http://localhost:38683/__cypress/runner/cypress_runner.js:158403:12)\n    at http://localhost:38683/__cypress/runner/cypress_runner.js:159049:11\n    at tryCatcher (http://localhost:38683/__cypress/runner/cypress_runner.js:13196:23)\n    at Promise._settlePromiseFromHandler (http://localhost:38683/__cypress/runner/cypress_runner.js:11131:31)\n    at Promise._settlePromise (http://localhost:38683/__cypress/runner/cypress_runner.js:11188:18)\n    at Promise._settlePromise0 (http://localhost:38683/__cypress/runner/cypress_runner.js:11233:10)\n    at Promise._settlePromises (http://localhost:38683/__cypress/runner/cypress_runner.js:11309:18)\n    at _drainQueueStep (http://localhost:38683/__cypress/runner/cypress_runner.js:7903:12)\n    at _drainQueue (http://localhost:38683/__cypress/runner/cypress_runner.js:7896:9)\n    at Async.../../node_modules/bluebird/js/release/async.js.Async._drainQueues (http://localhost:38683/__cypress/runner/cypress_runner.js:7912:5)\n    at Async.drainQueues (http://localhost:38683/__cypress/runner/cypress_runner.js:7782:14)\nFrom Your Spec Code:\n    at Context.eval (http://localhost:38683/__cypress/tests?p=cypress/integration/02-login_spec.js:172:8)\n\nFrom Node.js Internals:\n  Error: connect ECONNREFUSED 127.0.0.1:3000\n      at TCPConnectWrap.afterConnect [as oncomplete] (node:net:1142:16)\n  ",
                "diff": null
              },
              "uuid": "1f8ad289-d665-402a-847c-0306e02cc060",
              "parentUUID": "33324a04-d534-4e90-aa4b-37692777e8cd",
              "isHook": false,
              "skipped": false
            }
          ],
          "suites": [],
          "passes": [],
          "failures": [
            "1f8ad289-d665-402a-847c-0306e02cc060"
          ],
          "pending": [],
          "skipped": [],
          "duration": 555,
          "root": false,
          "rootEmpty": false,
          "_timeout": 2000
        },
        {
          "uuid": "9ffb0c7a-6d14-48bc-b9fe-97e357cc0aaf",
          "title": "8 - Redirecione a pessoa usuária para a tela principal de receitas de comidas após a submissão e validação com sucesso do login",
          "fullFile": "",
          "file": "",
          "beforeHooks": [],
          "afterHooks": [],
          "tests": [
            {
              "title": "A rota muda para a tela principal de receitas de comidas",
              "fullTitle": "8 - Redirecione a pessoa usuária para a tela principal de receitas de comidas após a submissão e validação com sucesso do login A rota muda para a tela principal de receitas de comidas",
              "timedOut": null,
              "duration": 563,
              "state": "failed",
              "speed": null,
              "pass": false,
              "fail": true,
              "pending": false,
              "context": null,
              "code": "cy.visit('http://localhost:3000/', {\n  onBeforeLoad(win) {\n    win.localStorage.clear();\n  }\n});\ncy.get('[data-testid=\"login-submit-btn\"]').should('be.disabled');\ncy.window().then(win => {\n  expect(win.localStorage.getItem('user')).to.be.null;\n});\ncy.get('[data-testid=\"email-input\"]').type('email@mail.com');\ncy.get('[data-testid=\"password-input\"]').type('1234567');\ncy.get('[data-testid=\"login-submit-btn\"]').click();\ncy.location().should(loc => expect(loc.pathname).to.eq('/foods'));\ncy.window().then(win => {\n  win.localStorage.clear();\n});",
              "err": {
                "message": "CypressError: `cy.visit()` failed trying to load:\n\nhttp://localhost:3000/\n\nWe attempted to make an http request to this URL but the request failed without a response.\n\nWe received this error at the network level:\n\n  > Error: connect ECONNREFUSED 127.0.0.1:3000\n\nCommon situations why this would fail:\n  - you don't have internet access\n  - you forgot to run / boot your web server\n  - your web server isn't accessible\n  - you have weird network configuration settings on your computer",
                "estack": "CypressError: `cy.visit()` failed trying to load:\n\nhttp://localhost:3000/\n\nWe attempted to make an http request to this URL but the request failed without a response.\n\nWe received this error at the network level:\n\n  > Error: connect ECONNREFUSED 127.0.0.1:3000\n\nCommon situations why this would fail:\n  - you don't have internet access\n  - you forgot to run / boot your web server\n  - your web server isn't accessible\n  - you have weird network configuration settings on your computer\n    at http://localhost:38683/__cypress/runner/cypress_runner.js:159050:82\n    at visitFailedByErr (http://localhost:38683/__cypress/runner/cypress_runner.js:158403:12)\n    at http://localhost:38683/__cypress/runner/cypress_runner.js:159049:11\n    at tryCatcher (http://localhost:38683/__cypress/runner/cypress_runner.js:13196:23)\n    at Promise._settlePromiseFromHandler (http://localhost:38683/__cypress/runner/cypress_runner.js:11131:31)\n    at Promise._settlePromise (http://localhost:38683/__cypress/runner/cypress_runner.js:11188:18)\n    at Promise._settlePromise0 (http://localhost:38683/__cypress/runner/cypress_runner.js:11233:10)\n    at Promise._settlePromises (http://localhost:38683/__cypress/runner/cypress_runner.js:11309:18)\n    at _drainQueueStep (http://localhost:38683/__cypress/runner/cypress_runner.js:7903:12)\n    at _drainQueue (http://localhost:38683/__cypress/runner/cypress_runner.js:7896:9)\n    at Async.../../node_modules/bluebird/js/release/async.js.Async._drainQueues (http://localhost:38683/__cypress/runner/cypress_runner.js:7912:5)\n    at Async.drainQueues (http://localhost:38683/__cypress/runner/cypress_runner.js:7782:14)\nFrom Your Spec Code:\n    at Context.eval (http://localhost:38683/__cypress/tests?p=cypress/integration/02-login_spec.js:195:8)\n\nFrom Node.js Internals:\n  Error: connect ECONNREFUSED 127.0.0.1:3000\n      at TCPConnectWrap.afterConnect [as oncomplete] (node:net:1142:16)\n  ",
                "diff": null
              },
              "uuid": "47f05962-3739-46c5-af36-29b7585f8559",
              "parentUUID": "9ffb0c7a-6d14-48bc-b9fe-97e357cc0aaf",
              "isHook": false,
              "skipped": false
            }
          ],
          "suites": [],
          "passes": [],
          "failures": [
            "47f05962-3739-46c5-af36-29b7585f8559"
          ],
          "pending": [],
          "skipped": [],
          "duration": 563,
          "root": false,
          "rootEmpty": false,
          "_timeout": 2000
        }
      ],
      "passes": [],
      "failures": [],
      "pending": [],
      "skipped": [],
      "duration": 0,
      "root": true,
      "rootEmpty": true,
      "_timeout": 2000
    }
  ],
  "meta": {
    "mocha": {
      "version": "7.0.1"
    },
    "mochawesome": {
      "options": {
        "quiet": false,
        "reportFilename": "mochawesome",
        "saveHtml": false,
        "saveJson": true,
        "consoleReporter": "spec",
        "useInlineDiffs": false,
        "code": true
      },
      "version": "6.3.1"
    },
    "marge": {
      "options": {
        "id": "default",
        "reportDir": "cypress/reports",
        "overwrite": false,
        "html": false,
        "json": true
      },
      "version": "5.2.0"
    }
  }
}