{
  "stats": {
    "suites": 1,
    "tests": 1,
    "passes": 1,
    "pending": 0,
    "failures": 0,
    "start": "2022-03-08T21:44:57.864Z",
    "end": "2022-03-08T21:45:01.735Z",
    "duration": 3871,
    "testsRegistered": 1,
    "passPercent": 100,
    "pendingPercent": 0,
    "other": 0,
    "hasOther": false,
    "skipped": 0,
    "hasSkipped": false
  },
  "results": [
    {
      "uuid": "97f7e619-cf96-439e-a928-a9eb84422865",
      "title": "",
      "fullFile": "cypress/integration/01-test_coverage_spec.js",
      "file": "cypress/integration/01-test_coverage_spec.js",
      "beforeHooks": [],
      "afterHooks": [],
      "tests": [],
      "suites": [
        {
          "uuid": "09a8280f-2fa5-470d-83cd-46d0bbbc7f8d",
          "title": "1 - Desenvolva os testes unitários de maneira que a cobertura seja de, no mínimo, 90%",
          "fullFile": "",
          "file": "",
          "beforeHooks": [],
          "afterHooks": [],
          "tests": [
            {
              "title": "Verifica a cobertura de testes unitários",
              "fullTitle": "1 - Desenvolva os testes unitários de maneira que a cobertura seja de, no mínimo, 90% Verifica a cobertura de testes unitários",
              "timedOut": null,
              "duration": 3839,
              "state": "passed",
              "speed": "fast",
              "pass": true,
              "fail": false,
              "pending": false,
              "context": null,
              "code": "cy.exec('npm run test-coverage -- --coverageReporters=\"json-summary\" --testFailureExitCode=0');\ncy.readFile('coverage/coverage-summary.json').its('total.lines.pct').should('be.gte', 90.00);",
              "err": {},
              "uuid": "07af9f02-ad06-49be-a8b0-d8270df43ae5",
              "parentUUID": "09a8280f-2fa5-470d-83cd-46d0bbbc7f8d",
              "isHook": false,
              "skipped": false
            }
          ],
          "suites": [],
          "passes": [
            "07af9f02-ad06-49be-a8b0-d8270df43ae5"
          ],
          "failures": [],
          "pending": [],
          "skipped": [],
          "duration": 3839,
          "root": false,
          "rootEmpty": false,
          "_timeout": 2000
        }
      ],
      "passes": [],
      "failures": [],
      "pending": [],
      "skipped": [],
      "duration": 0,
      "root": true,
      "rootEmpty": true,
      "_timeout": 2000
    }
  ],
  "meta": {
    "mocha": {
      "version": "7.0.1"
    },
    "mochawesome": {
      "options": {
        "quiet": false,
        "reportFilename": "mochawesome",
        "saveHtml": false,
        "saveJson": true,
        "consoleReporter": "spec",
        "useInlineDiffs": false,
        "code": true
      },
      "version": "6.3.1"
    },
    "marge": {
      "options": {
        "id": "default",
        "reportDir": "cypress/reports",
        "overwrite": false,
        "html": false,
        "json": true
      },
      "version": "5.2.0"
    }
  }
}