{
  "stats": {
    "suites": 7,
    "tests": 28,
    "passes": 0,
    "pending": 0,
    "failures": 28,
    "start": "2022-03-11T19:25:43.759Z",
    "end": "2022-03-11T19:30:31.208Z",
    "duration": 287449,
    "testsRegistered": 28,
    "passPercent": 0,
    "pendingPercent": 0,
    "other": 0,
    "hasOther": false,
    "skipped": 0,
    "hasSkipped": false
  },
  "results": [
    {
      "uuid": "c2cecc21-d2c5-474b-9930-cd1059026ec4",
      "title": "",
      "fullFile": "cypress/integration/47-recipe_in_progress_spec.js",
      "file": "cypress/integration/47-recipe_in_progress_spec.js",
      "beforeHooks": [],
      "afterHooks": [],
      "tests": [],
      "suites": [
        {
          "uuid": "1ee17c43-6dcd-46cb-bed9-dec98280eccb",
          "title": "47 - Desenvolva a tela de maneira que contenha uma imagem da receita, seu titulo, sua categoria (ou se a bebida é alcoólica ou não) uma lista de ingredientes com suas respectivas quantidades e suas instruções",
          "fullFile": "",
          "file": "",
          "beforeHooks": [],
          "afterHooks": [],
          "tests": [
            {
              "title": "verifica elementos de uma receita de comida",
              "fullTitle": "47 - Desenvolva a tela de maneira que contenha uma imagem da receita, seu titulo, sua categoria (ou se a bebida é alcoólica ou não) uma lista de ingredientes com suas respectivas quantidades e suas instruções verifica elementos de uma receita de comida",
              "timedOut": null,
              "duration": 10443,
              "state": "failed",
              "speed": null,
              "pass": false,
              "fail": true,
              "pending": false,
              "context": null,
              "code": "cy.visit('http://localhost:3000/foods/52771/in-progress', {\n  onBeforeLoad(win) {\n    win.fetch = fetchMock;\n  }\n});\ncy.get('[data-testid=\"recipe-photo\"]');\ncy.get('[data-testid=\"recipe-title\"]');\ncy.get('[data-testid=\"share-btn\"]');\ncy.get('[data-testid=\"favorite-btn\"]');\ncy.get('[data-testid=\"recipe-category\"]');\ncy.get('[data-testid*=\"ingredient-step\"]').should('have.length', 8);\ncy.get('[data-testid=\"instructions\"]');\ncy.get('[data-testid=\"finish-recipe-btn\"]');",
              "err": {
                "message": "AssertionError: Timed out retrying after 10000ms: Expected to find element: `[data-testid=\"recipe-photo\"]`, but never found it.",
                "estack": "AssertionError: Timed out retrying after 10000ms: Expected to find element: `[data-testid=\"recipe-photo\"]`, but never found it.\n    at Context.eval (http://localhost:3000/__cypress/tests?p=cypress/integration/47-recipe_in_progress_spec.js:114:8)",
                "diff": null
              },
              "uuid": "cbfbb7ea-1d70-4deb-87cf-ff26fbd44978",
              "parentUUID": "1ee17c43-6dcd-46cb-bed9-dec98280eccb",
              "isHook": false,
              "skipped": false
            },
            {
              "title": "verifica elementos de uma receita de bebida",
              "fullTitle": "47 - Desenvolva a tela de maneira que contenha uma imagem da receita, seu titulo, sua categoria (ou se a bebida é alcoólica ou não) uma lista de ingredientes com suas respectivas quantidades e suas instruções verifica elementos de uma receita de bebida",
              "timedOut": null,
              "duration": 10167,
              "state": "failed",
              "speed": null,
              "pass": false,
              "fail": true,
              "pending": false,
              "context": null,
              "code": "cy.visit('http://localhost:3000/drinks/178319/in-progress', {\n  onBeforeLoad(win) {\n    win.fetch = fetchMock;\n  }\n});\ncy.get('[data-testid=\"recipe-photo\"]');\ncy.get('[data-testid=\"recipe-title\"]');\ncy.get('[data-testid=\"share-btn\"]');\ncy.get('[data-testid=\"favorite-btn\"]');\ncy.get('[data-testid=\"recipe-category\"]');\ncy.get('[data-testid*=\"ingredient-step\"]').should('have.length', 3);\ncy.get('[data-testid=\"instructions\"]');\ncy.get('[data-testid=\"finish-recipe-btn\"]');",
              "err": {
                "message": "AssertionError: Timed out retrying after 10000ms: Expected to find element: `[data-testid=\"recipe-photo\"]`, but never found it.",
                "estack": "AssertionError: Timed out retrying after 10000ms: Expected to find element: `[data-testid=\"recipe-photo\"]`, but never found it.\n    at Context.eval (http://localhost:3000/__cypress/tests?p=cypress/integration/47-recipe_in_progress_spec.js:130:8)",
                "diff": null
              },
              "uuid": "a7d67d0f-180f-42f3-b68d-c0baf3d621b1",
              "parentUUID": "1ee17c43-6dcd-46cb-bed9-dec98280eccb",
              "isHook": false,
              "skipped": false
            }
          ],
          "suites": [],
          "passes": [],
          "failures": [
            "cbfbb7ea-1d70-4deb-87cf-ff26fbd44978",
            "a7d67d0f-180f-42f3-b68d-c0baf3d621b1"
          ],
          "pending": [],
          "skipped": [],
          "duration": 20610,
          "root": false,
          "rootEmpty": false,
          "_timeout": 2000
        },
        {
          "uuid": "2d62f961-df07-464b-ba1b-c550e0d57e8d",
          "title": "48 - Desenvolva um checkbox para cada item da lista de ingredientes",
          "fullFile": "",
          "file": "",
          "beforeHooks": [],
          "afterHooks": [],
          "tests": [
            {
              "title": "todos os ingredientes de uma receita de comida possuem um checkbox",
              "fullTitle": "48 - Desenvolva um checkbox para cada item da lista de ingredientes todos os ingredientes de uma receita de comida possuem um checkbox",
              "timedOut": null,
              "duration": 10181,
              "state": "failed",
              "speed": null,
              "pass": false,
              "fail": true,
              "pending": false,
              "context": null,
              "code": "cy.visit('http://localhost:3000/foods/52771/in-progress', {\n  onBeforeLoad(win) {\n    win.fetch = fetchMock;\n  }\n});\ncy.get('[data-testid*=\"ingredient-step\"]').find('input[type=\"checkbox\"]').should('have.length', 8);",
              "err": {
                "message": "AssertionError: Timed out retrying after 10000ms: Expected to find element: `[data-testid*=\"ingredient-step\"]`, but never found it.",
                "estack": "AssertionError: Timed out retrying after 10000ms: Expected to find element: `[data-testid*=\"ingredient-step\"]`, but never found it.\n    at Context.eval (http://localhost:3000/__cypress/tests?p=cypress/integration/47-recipe_in_progress_spec.js:148:8)",
                "diff": null
              },
              "uuid": "9fb35656-9053-4103-ac04-a1ac0bc76748",
              "parentUUID": "2d62f961-df07-464b-ba1b-c550e0d57e8d",
              "isHook": false,
              "skipped": false
            },
            {
              "title": "todos os ingredientes de uma receita de bebida possuem um checkbox",
              "fullTitle": "48 - Desenvolva um checkbox para cada item da lista de ingredientes todos os ingredientes de uma receita de bebida possuem um checkbox",
              "timedOut": null,
              "duration": 10145,
              "state": "failed",
              "speed": null,
              "pass": false,
              "fail": true,
              "pending": false,
              "context": null,
              "code": "cy.visit('http://localhost:3000/drinks/178319/in-progress', {\n  onBeforeLoad(win) {\n    win.fetch = fetchMock;\n  }\n});\ncy.get('[data-testid*=\"ingredient-step\"]').find('input[type=\"checkbox\"]').should('have.length', 3);",
              "err": {
                "message": "AssertionError: Timed out retrying after 10000ms: Expected to find element: `[data-testid*=\"ingredient-step\"]`, but never found it.",
                "estack": "AssertionError: Timed out retrying after 10000ms: Expected to find element: `[data-testid*=\"ingredient-step\"]`, but never found it.\n    at Context.eval (http://localhost:3000/__cypress/tests?p=cypress/integration/47-recipe_in_progress_spec.js:157:8)",
                "diff": null
              },
              "uuid": "e87da70a-0035-4787-9169-1a0875428856",
              "parentUUID": "2d62f961-df07-464b-ba1b-c550e0d57e8d",
              "isHook": false,
              "skipped": false
            }
          ],
          "suites": [],
          "passes": [],
          "failures": [
            "9fb35656-9053-4103-ac04-a1ac0bc76748",
            "e87da70a-0035-4787-9169-1a0875428856"
          ],
          "pending": [],
          "skipped": [],
          "duration": 20326,
          "root": false,
          "rootEmpty": false,
          "_timeout": 2000
        },
        {
          "uuid": "82e35c90-af25-4adc-8577-d7786b7b03db",
          "title": "49 - Implemente uma lógica que, ao clicar no checkbox de um ingrediente, o nome dele deve ser \"riscado\" da lista",
          "fullFile": "",
          "file": "",
          "beforeHooks": [],
          "afterHooks": [],
          "tests": [
            {
              "title": "verifica se é possível marcar todos os passos da receita de comida",
              "fullTitle": "49 - Implemente uma lógica que, ao clicar no checkbox de um ingrediente, o nome dele deve ser \"riscado\" da lista verifica se é possível marcar todos os passos da receita de comida",
              "timedOut": null,
              "duration": 10146,
              "state": "failed",
              "speed": null,
              "pass": false,
              "fail": true,
              "pending": false,
              "context": null,
              "code": "cy.visit('http://localhost:3000/foods/52771/in-progress', {\n  onBeforeLoad(win) {\n    win.fetch = fetchMock;\n  }\n});\ngetIngredients().check();\ngetIngredients().should('have.css', 'text-decoration', 'none solid rgb(0, 0, 0)');",
              "err": {
                "message": "AssertionError: Timed out retrying after 10000ms: Expected to find element: `[data-testid*=\"ingredient-step\"]`, but never found it.",
                "estack": "AssertionError: Timed out retrying after 10000ms: Expected to find element: `[data-testid*=\"ingredient-step\"]`, but never found it.\n    at getIngredients (http://localhost:3000/__cypress/tests?p=cypress/integration/47-recipe_in_progress_spec.js:161:35)\n    at Context.eval (http://localhost:3000/__cypress/tests?p=cypress/integration/47-recipe_in_progress_spec.js:170:5)",
                "diff": null
              },
              "uuid": "2a48d281-e2cf-4541-9405-c989110ffc29",
              "parentUUID": "82e35c90-af25-4adc-8577-d7786b7b03db",
              "isHook": false,
              "skipped": false
            },
            {
              "title": "verifica se é possível marcar todos os passos da receita de bebida",
              "fullTitle": "49 - Implemente uma lógica que, ao clicar no checkbox de um ingrediente, o nome dele deve ser \"riscado\" da lista verifica se é possível marcar todos os passos da receita de bebida",
              "timedOut": null,
              "duration": 10146,
              "state": "failed",
              "speed": null,
              "pass": false,
              "fail": true,
              "pending": false,
              "context": null,
              "code": "cy.visit('http://localhost:3000/drinks/178319/in-progress', {\n  onBeforeLoad(win) {\n    win.fetch = fetchMock;\n  }\n});\ngetIngredients().check();\ngetIngredients().should('have.css', 'text-decoration', 'none solid rgb(0, 0, 0)');",
              "err": {
                "message": "AssertionError: Timed out retrying after 10000ms: Expected to find element: `[data-testid*=\"ingredient-step\"]`, but never found it.",
                "estack": "AssertionError: Timed out retrying after 10000ms: Expected to find element: `[data-testid*=\"ingredient-step\"]`, but never found it.\n    at getIngredients (http://localhost:3000/__cypress/tests?p=cypress/integration/47-recipe_in_progress_spec.js:161:35)\n    at Context.eval (http://localhost:3000/__cypress/tests?p=cypress/integration/47-recipe_in_progress_spec.js:180:5)",
                "diff": null
              },
              "uuid": "da45941a-b588-4f95-b3e1-eaa8d895407d",
              "parentUUID": "82e35c90-af25-4adc-8577-d7786b7b03db",
              "isHook": false,
              "skipped": false
            }
          ],
          "suites": [],
          "passes": [],
          "failures": [
            "2a48d281-e2cf-4541-9405-c989110ffc29",
            "da45941a-b588-4f95-b3e1-eaa8d895407d"
          ],
          "pending": [],
          "skipped": [],
          "duration": 20292,
          "root": false,
          "rootEmpty": false,
          "_timeout": 2000
        },
        {
          "uuid": "2bb69543-bf8d-4953-8cd3-8ef78d880821",
          "title": "50 - Salve o estado do progresso, que deve ser mantido caso a pessoa atualize a página ou volte para a mesma receita",
          "fullFile": "",
          "file": "",
          "beforeHooks": [],
          "afterHooks": [],
          "tests": [
            {
              "title": "salva o progresso de uma receita de comida em andamento",
              "fullTitle": "50 - Salve o estado do progresso, que deve ser mantido caso a pessoa atualize a página ou volte para a mesma receita salva o progresso de uma receita de comida em andamento",
              "timedOut": null,
              "duration": 10168,
              "state": "failed",
              "speed": null,
              "pass": false,
              "fail": true,
              "pending": false,
              "context": null,
              "code": "cy.visit('http://localhost:3000/foods/52771/in-progress', {\n  onBeforeLoad(win) {\n    win.fetch = fetchMock;\n  }\n});\ncy.get('[data-testid=\"0-ingredient-step\"]').find('input[type=\"checkbox\"]').check();\ncy.reload();\ncy.get('[data-testid=\"0-ingredient-step\"]').find('input[type=\"checkbox\"]').should('have.attr', 'checked');",
              "err": {
                "message": "AssertionError: Timed out retrying after 10000ms: Expected to find element: `[data-testid=\"0-ingredient-step\"]`, but never found it.",
                "estack": "AssertionError: Timed out retrying after 10000ms: Expected to find element: `[data-testid=\"0-ingredient-step\"]`, but never found it.\n    at Context.eval (http://localhost:3000/__cypress/tests?p=cypress/integration/47-recipe_in_progress_spec.js:192:8)",
                "diff": null
              },
              "uuid": "bdce96c7-d32b-4675-b091-301bfeba7808",
              "parentUUID": "2bb69543-bf8d-4953-8cd3-8ef78d880821",
              "isHook": false,
              "skipped": false
            },
            {
              "title": "salva o progresso de uma receita de bebida em andamento",
              "fullTitle": "50 - Salve o estado do progresso, que deve ser mantido caso a pessoa atualize a página ou volte para a mesma receita salva o progresso de uma receita de bebida em andamento",
              "timedOut": null,
              "duration": 10146,
              "state": "failed",
              "speed": null,
              "pass": false,
              "fail": true,
              "pending": false,
              "context": null,
              "code": "cy.visit('http://localhost:3000/drinks/178319/in-progress', {\n  onBeforeLoad(win) {\n    win.fetch = fetchMock;\n  }\n});\ncy.get('[data-testid=\"0-ingredient-step\"]').find('input[type=\"checkbox\"]').check();\ncy.reload();\ncy.get('[data-testid=\"0-ingredient-step\"]').find('input[type=\"checkbox\"]').should('have.attr', 'checked');",
              "err": {
                "message": "AssertionError: Timed out retrying after 10000ms: Expected to find element: `[data-testid=\"0-ingredient-step\"]`, but never found it.",
                "estack": "AssertionError: Timed out retrying after 10000ms: Expected to find element: `[data-testid=\"0-ingredient-step\"]`, but never found it.\n    at Context.eval (http://localhost:3000/__cypress/tests?p=cypress/integration/47-recipe_in_progress_spec.js:203:8)",
                "diff": null
              },
              "uuid": "519f46e0-5713-4814-a9aa-fe6bb434f56a",
              "parentUUID": "2bb69543-bf8d-4953-8cd3-8ef78d880821",
              "isHook": false,
              "skipped": false
            }
          ],
          "suites": [],
          "passes": [],
          "failures": [
            "bdce96c7-d32b-4675-b091-301bfeba7808",
            "519f46e0-5713-4814-a9aa-fe6bb434f56a"
          ],
          "pending": [],
          "skipped": [],
          "duration": 20314,
          "root": false,
          "rootEmpty": false,
          "_timeout": 2000
        },
        {
          "uuid": "ed123e4e-6751-4a5f-bec4-c88234f77ffb",
          "title": "51 - Desenvolva a lógica de favoritar e compartilhar, a lógica da tela de detalhes de uma receita se aplica aqui",
          "fullFile": "",
          "file": "",
          "beforeHooks": [],
          "afterHooks": [],
          "tests": [
            {
              "title": "verifica se os botões estão disponíveis na tela de detalhes de uma comida",
              "fullTitle": "51 - Desenvolva a lógica de favoritar e compartilhar, a lógica da tela de detalhes de uma receita se aplica aqui verifica se os botões estão disponíveis na tela de detalhes de uma comida",
              "timedOut": null,
              "duration": 10173,
              "state": "failed",
              "speed": null,
              "pass": false,
              "fail": true,
              "pending": false,
              "context": null,
              "code": "cy.visit('http://localhost:3000/foods/52771/in-progress', {\n  onBeforeLoad(win) {\n    win.fetch = fetchMock;\n  }\n});\ncy.get('[data-testid=\"share-btn\"]').should('exist');\ncy.get('[data-testid=\"favorite-btn\"]').should('exist');",
              "err": {
                "message": "AssertionError: Timed out retrying after 10000ms: Expected to find element: `[data-testid=\"share-btn\"]`, but never found it.",
                "estack": "AssertionError: Timed out retrying after 10000ms: Expected to find element: `[data-testid=\"share-btn\"]`, but never found it.\n    at Context.eval (http://localhost:3000/__cypress/tests?p=cypress/integration/47-recipe_in_progress_spec.js:216:41)",
                "diff": null
              },
              "uuid": "8049e728-719e-47a7-bbcb-a73a702e44c9",
              "parentUUID": "ed123e4e-6751-4a5f-bec4-c88234f77ffb",
              "isHook": false,
              "skipped": false
            },
            {
              "title": "verifica se os botões estão disponíveis na tela de detalhes de uma bebida",
              "fullTitle": "51 - Desenvolva a lógica de favoritar e compartilhar, a lógica da tela de detalhes de uma receita se aplica aqui verifica se os botões estão disponíveis na tela de detalhes de uma bebida",
              "timedOut": null,
              "duration": 10175,
              "state": "failed",
              "speed": null,
              "pass": false,
              "fail": true,
              "pending": false,
              "context": null,
              "code": "cy.visit('http://localhost:3000/drinks/178319/in-progress', {\n  onBeforeLoad(win) {\n    win.fetch = fetchMock;\n  }\n});\ncy.get('[data-testid=\"share-btn\"]').should('exist');\ncy.get('[data-testid=\"favorite-btn\"]').should('exist');",
              "err": {
                "message": "AssertionError: Timed out retrying after 10000ms: Expected to find element: `[data-testid=\"share-btn\"]`, but never found it.",
                "estack": "AssertionError: Timed out retrying after 10000ms: Expected to find element: `[data-testid=\"share-btn\"]`, but never found it.\n    at Context.eval (http://localhost:3000/__cypress/tests?p=cypress/integration/47-recipe_in_progress_spec.js:226:41)",
                "diff": null
              },
              "uuid": "ba550bc8-66fa-498b-ba86-c0fe3fe14c5e",
              "parentUUID": "ed123e4e-6751-4a5f-bec4-c88234f77ffb",
              "isHook": false,
              "skipped": false
            },
            {
              "title": "verifica a mensagem \"Link copied!\" e se o link da receita da comida foi copiado para o clipboard",
              "fullTitle": "51 - Desenvolva a lógica de favoritar e compartilhar, a lógica da tela de detalhes de uma receita se aplica aqui verifica a mensagem \"Link copied!\" e se o link da receita da comida foi copiado para o clipboard",
              "timedOut": null,
              "duration": 10163,
              "state": "failed",
              "speed": null,
              "pass": false,
              "fail": true,
              "pending": false,
              "context": null,
              "code": "cy.visit('http://localhost:3000/foods/52771/in-progress', {\n  onBeforeLoad(win) {\n    win.fetch = fetchMock;\n    cy.stub(win.navigator.clipboard, 'writeText').resolves('URL').as('clipboard');\n  }\n});\ncy.get('[data-testid=\"share-btn\"]').click();\ncy.contains('Link copied!');\ncy.get('@clipboard').should('be.calledWithExactly', `http://localhost:3000/foods/52771`);",
              "err": {
                "message": "AssertionError: Timed out retrying after 10000ms: Expected to find element: `[data-testid=\"share-btn\"]`, but never found it.",
                "estack": "AssertionError: Timed out retrying after 10000ms: Expected to find element: `[data-testid=\"share-btn\"]`, but never found it.\n    at Context.eval (http://localhost:3000/__cypress/tests?p=cypress/integration/47-recipe_in_progress_spec.js:237:8)",
                "diff": null
              },
              "uuid": "1dc276ce-78ac-4ead-9f2c-20fd1030cb53",
              "parentUUID": "ed123e4e-6751-4a5f-bec4-c88234f77ffb",
              "isHook": false,
              "skipped": false
            },
            {
              "title": "verifica a mensagem \"Link copied!\" e se o link da receita da bebida foi copiado para o clipboard",
              "fullTitle": "51 - Desenvolva a lógica de favoritar e compartilhar, a lógica da tela de detalhes de uma receita se aplica aqui verifica a mensagem \"Link copied!\" e se o link da receita da bebida foi copiado para o clipboard",
              "timedOut": null,
              "duration": 10174,
              "state": "failed",
              "speed": null,
              "pass": false,
              "fail": true,
              "pending": false,
              "context": null,
              "code": "cy.visit('http://localhost:3000/drinks/178319/in-progress', {\n  onBeforeLoad(win) {\n    win.fetch = fetchMock;\n    cy.stub(win.navigator.clipboard, 'writeText').resolves('URL').as('clipboard');\n  }\n});\ncy.get('[data-testid=\"share-btn\"]').click();\ncy.contains('Link copied!');\ncy.get('@clipboard').should('be.calledWithExactly', `http://localhost:3000/drinks/178319`);",
              "err": {
                "message": "AssertionError: Timed out retrying after 10000ms: Expected to find element: `[data-testid=\"share-btn\"]`, but never found it.",
                "estack": "AssertionError: Timed out retrying after 10000ms: Expected to find element: `[data-testid=\"share-btn\"]`, but never found it.\n    at Context.eval (http://localhost:3000/__cypress/tests?p=cypress/integration/47-recipe_in_progress_spec.js:249:8)",
                "diff": null
              },
              "uuid": "43c295e5-37c1-47f5-89c1-975761bdd0bf",
              "parentUUID": "ed123e4e-6751-4a5f-bec4-c88234f77ffb",
              "isHook": false,
              "skipped": false
            },
            {
              "title": "verifica comida favoritada",
              "fullTitle": "51 - Desenvolva a lógica de favoritar e compartilhar, a lógica da tela de detalhes de uma receita se aplica aqui verifica comida favoritada",
              "timedOut": null,
              "duration": 10173,
              "state": "failed",
              "speed": null,
              "pass": false,
              "fail": true,
              "pending": false,
              "context": null,
              "code": "cy.visit('http://localhost:3000/foods/52771/in-progress', {\n  onBeforeLoad(win) {\n    const favoriteRecipes = [{\n      \"id\": \"52771\",\n      \"type\": \"food\",\n      \"nationality\": \"Italian\",\n      \"category\": \"Vegetarian\",\n      \"alcoholicOrNot\": \"\",\n      \"name\": \"Spicy Arrabiata Penne\",\n      \"image\": \"https://www.themealdb.com/images/media/meals/ustsqw1468250014.jpg\"\n    }];\n    localStorage.setItem('favoriteRecipes', JSON.stringify(favoriteRecipes));\n    win.fetch = fetchMock;\n  }\n});\ncy.get('[data-testid=\"favorite-btn\"]').should('have.attr', 'src').should('include', 'blackHeartIcon');",
              "err": {
                "message": "AssertionError: Timed out retrying after 10000ms: Expected to find element: `[data-testid=\"favorite-btn\"]`, but never found it.",
                "estack": "AssertionError: Timed out retrying after 10000ms: Expected to find element: `[data-testid=\"favorite-btn\"]`, but never found it.\n    at Context.eval (http://localhost:3000/__cypress/tests?p=cypress/integration/47-recipe_in_progress_spec.js:270:44)",
                "diff": null
              },
              "uuid": "64d47510-f1ca-4672-8683-38f30c07a65f",
              "parentUUID": "ed123e4e-6751-4a5f-bec4-c88234f77ffb",
              "isHook": false,
              "skipped": false
            },
            {
              "title": "verifica comida não favoritada",
              "fullTitle": "51 - Desenvolva a lógica de favoritar e compartilhar, a lógica da tela de detalhes de uma receita se aplica aqui verifica comida não favoritada",
              "timedOut": null,
              "duration": 10162,
              "state": "failed",
              "speed": null,
              "pass": false,
              "fail": true,
              "pending": false,
              "context": null,
              "code": "cy.visit('http://localhost:3000/foods/52771/in-progress', {\n  onBeforeLoad(win) {\n    win.fetch = fetchMock;\n  }\n});\ncy.get('[data-testid=\"favorite-btn\"]').should('have.attr', 'src').should('include', 'whiteHeartIcon');",
              "err": {
                "message": "AssertionError: Timed out retrying after 10000ms: Expected to find element: `[data-testid=\"favorite-btn\"]`, but never found it.",
                "estack": "AssertionError: Timed out retrying after 10000ms: Expected to find element: `[data-testid=\"favorite-btn\"]`, but never found it.\n    at Context.eval (http://localhost:3000/__cypress/tests?p=cypress/integration/47-recipe_in_progress_spec.js:279:44)",
                "diff": null
              },
              "uuid": "13995c4e-bbfb-4bc6-a048-22f8e0c361e1",
              "parentUUID": "ed123e4e-6751-4a5f-bec4-c88234f77ffb",
              "isHook": false,
              "skipped": false
            },
            {
              "title": "verifica bebida favoritada",
              "fullTitle": "51 - Desenvolva a lógica de favoritar e compartilhar, a lógica da tela de detalhes de uma receita se aplica aqui verifica bebida favoritada",
              "timedOut": null,
              "duration": 10196,
              "state": "failed",
              "speed": null,
              "pass": false,
              "fail": true,
              "pending": false,
              "context": null,
              "code": "cy.visit('http://localhost:3000/drinks/178319/in-progress', {\n  onBeforeLoad(win) {\n    const favoriteRecipes = [{\n      \"id\": \"178319\",\n      \"type\": \"drink\",\n      \"nationality\": \"\",\n      \"category\": \"Cocktail\",\n      \"alcoholicOrNot\": \"Alcoholic\",\n      \"name\": \"Aquamarine\",\n      \"image\": \"https://www.thecocktaildb.com/images/media/drink/zvsre31572902738.jpg\"\n    }];\n    localStorage.setItem('favoriteRecipes', JSON.stringify(favoriteRecipes));\n    win.fetch = fetchMock;\n  }\n});\ncy.get('[data-testid=\"favorite-btn\"]').should('have.attr', 'src').should('include', 'blackHeartIcon');",
              "err": {
                "message": "AssertionError: Timed out retrying after 10000ms: Expected to find element: `[data-testid=\"favorite-btn\"]`, but never found it.",
                "estack": "AssertionError: Timed out retrying after 10000ms: Expected to find element: `[data-testid=\"favorite-btn\"]`, but never found it.\n    at Context.eval (http://localhost:3000/__cypress/tests?p=cypress/integration/47-recipe_in_progress_spec.js:298:44)",
                "diff": null
              },
              "uuid": "41382172-50ab-4e7e-8e16-9ae55938f1fc",
              "parentUUID": "ed123e4e-6751-4a5f-bec4-c88234f77ffb",
              "isHook": false,
              "skipped": false
            },
            {
              "title": "verifica bebida não favoritada",
              "fullTitle": "51 - Desenvolva a lógica de favoritar e compartilhar, a lógica da tela de detalhes de uma receita se aplica aqui verifica bebida não favoritada",
              "timedOut": null,
              "duration": 10182,
              "state": "failed",
              "speed": null,
              "pass": false,
              "fail": true,
              "pending": false,
              "context": null,
              "code": "cy.visit('http://localhost:3000/drinks/178319/in-progress', {\n  onBeforeLoad(win) {\n    win.fetch = fetchMock;\n  }\n});\ncy.get('[data-testid=\"favorite-btn\"]').should('have.attr', 'src').should('include', 'whiteHeartIcon');",
              "err": {
                "message": "AssertionError: Timed out retrying after 10000ms: Expected to find element: `[data-testid=\"favorite-btn\"]`, but never found it.",
                "estack": "AssertionError: Timed out retrying after 10000ms: Expected to find element: `[data-testid=\"favorite-btn\"]`, but never found it.\n    at Context.eval (http://localhost:3000/__cypress/tests?p=cypress/integration/47-recipe_in_progress_spec.js:307:44)",
                "diff": null
              },
              "uuid": "f6940b89-c2df-4606-98fc-0052d3bf4aa5",
              "parentUUID": "ed123e4e-6751-4a5f-bec4-c88234f77ffb",
              "isHook": false,
              "skipped": false
            },
            {
              "title": "favorita comida",
              "fullTitle": "51 - Desenvolva a lógica de favoritar e compartilhar, a lógica da tela de detalhes de uma receita se aplica aqui favorita comida",
              "timedOut": null,
              "duration": 10171,
              "state": "failed",
              "speed": null,
              "pass": false,
              "fail": true,
              "pending": false,
              "context": null,
              "code": "cy.visit('http://localhost:3000/foods/52771/in-progress', {\n  onBeforeLoad(win) {\n    win.fetch = fetchMock;\n  }\n});\ncy.get('[data-testid=\"favorite-btn\"]').should('have.attr', 'src').should('include', 'whiteHeartIcon');\ncy.get('[data-testid=\"favorite-btn\"]').click();\ncy.get('[data-testid=\"favorite-btn\"]').should('have.attr', 'src').should('include', 'blackHeartIcon');",
              "err": {
                "message": "AssertionError: Timed out retrying after 10000ms: Expected to find element: `[data-testid=\"favorite-btn\"]`, but never found it.",
                "estack": "AssertionError: Timed out retrying after 10000ms: Expected to find element: `[data-testid=\"favorite-btn\"]`, but never found it.\n    at Context.eval (http://localhost:3000/__cypress/tests?p=cypress/integration/47-recipe_in_progress_spec.js:316:44)",
                "diff": null
              },
              "uuid": "96e75796-f660-4454-8248-c8b56accf62d",
              "parentUUID": "ed123e4e-6751-4a5f-bec4-c88234f77ffb",
              "isHook": false,
              "skipped": false
            },
            {
              "title": "desfavorita comida",
              "fullTitle": "51 - Desenvolva a lógica de favoritar e compartilhar, a lógica da tela de detalhes de uma receita se aplica aqui desfavorita comida",
              "timedOut": null,
              "duration": 10196,
              "state": "failed",
              "speed": null,
              "pass": false,
              "fail": true,
              "pending": false,
              "context": null,
              "code": "cy.visit('http://localhost:3000/foods/52771/in-progress', {\n  onBeforeLoad(win) {\n    const favoriteRecipes = [{\n      \"id\": \"52771\",\n      \"type\": \"food\",\n      \"nationality\": \"Italian\",\n      \"category\": \"Vegetarian\",\n      \"alcoholicOrNot\": \"\",\n      \"name\": \"Spicy Arrabiata Penne\",\n      \"image\": \"https://www.themealdb.com/images/media/meals/ustsqw1468250014.jpg\"\n    }];\n    localStorage.setItem('favoriteRecipes', JSON.stringify(favoriteRecipes));\n    win.fetch = fetchMock;\n  }\n});\ncy.get('[data-testid=\"favorite-btn\"]').should('have.attr', 'src').should('include', 'blackHeartIcon');\ncy.get('[data-testid=\"favorite-btn\"]').click();\ncy.get('[data-testid=\"favorite-btn\"]').should('have.attr', 'src').should('include', 'whiteHeartIcon');",
              "err": {
                "message": "AssertionError: Timed out retrying after 10000ms: Expected to find element: `[data-testid=\"favorite-btn\"]`, but never found it.",
                "estack": "AssertionError: Timed out retrying after 10000ms: Expected to find element: `[data-testid=\"favorite-btn\"]`, but never found it.\n    at Context.eval (http://localhost:3000/__cypress/tests?p=cypress/integration/47-recipe_in_progress_spec.js:337:44)",
                "diff": null
              },
              "uuid": "0953573a-8744-40db-9f86-5be25640d28f",
              "parentUUID": "ed123e4e-6751-4a5f-bec4-c88234f77ffb",
              "isHook": false,
              "skipped": false
            },
            {
              "title": "favorita bebida",
              "fullTitle": "51 - Desenvolva a lógica de favoritar e compartilhar, a lógica da tela de detalhes de uma receita se aplica aqui favorita bebida",
              "timedOut": null,
              "duration": 10201,
              "state": "failed",
              "speed": null,
              "pass": false,
              "fail": true,
              "pending": false,
              "context": null,
              "code": "cy.visit('http://localhost:3000/drinks/178319/in-progress', {\n  onBeforeLoad(win) {\n    win.fetch = fetchMock;\n  }\n});\ncy.get('[data-testid=\"favorite-btn\"]').should('have.attr', 'src').should('include', 'whiteHeartIcon');\ncy.get('[data-testid=\"favorite-btn\"]').click();\ncy.get('[data-testid=\"favorite-btn\"]').should('have.attr', 'src').should('include', 'blackHeartIcon');",
              "err": {
                "message": "AssertionError: Timed out retrying after 10000ms: Expected to find element: `[data-testid=\"favorite-btn\"]`, but never found it.",
                "estack": "AssertionError: Timed out retrying after 10000ms: Expected to find element: `[data-testid=\"favorite-btn\"]`, but never found it.\n    at Context.eval (http://localhost:3000/__cypress/tests?p=cypress/integration/47-recipe_in_progress_spec.js:348:44)",
                "diff": null
              },
              "uuid": "ba63bbc2-581e-4a35-9651-f4a8888e60e6",
              "parentUUID": "ed123e4e-6751-4a5f-bec4-c88234f77ffb",
              "isHook": false,
              "skipped": false
            },
            {
              "title": "desfavorita bebida",
              "fullTitle": "51 - Desenvolva a lógica de favoritar e compartilhar, a lógica da tela de detalhes de uma receita se aplica aqui desfavorita bebida",
              "timedOut": null,
              "duration": 10163,
              "state": "failed",
              "speed": null,
              "pass": false,
              "fail": true,
              "pending": false,
              "context": null,
              "code": "cy.visit('http://localhost:3000/drinks/178319/in-progress', {\n  onBeforeLoad(win) {\n    const favoriteRecipes = [{\n      \"id\": \"178319\",\n      \"type\": \"drink\",\n      \"nationality\": \"\",\n      \"category\": \"Cocktail\",\n      \"alcoholicOrNot\": \"Alcoholic\",\n      \"name\": \"Aquamarine\",\n      \"image\": \"https://www.thecocktaildb.com/images/media/drink/zvsre31572902738.jpg\"\n    }];\n    localStorage.setItem('favoriteRecipes', JSON.stringify(favoriteRecipes));\n    win.fetch = fetchMock;\n  }\n});\ncy.get('[data-testid=\"favorite-btn\"]').should('have.attr', 'src').should('include', 'blackHeartIcon');\ncy.get('[data-testid=\"favorite-btn\"]').click();\ncy.get('[data-testid=\"favorite-btn\"]').should('have.attr', 'src').should('include', 'whiteHeartIcon');",
              "err": {
                "message": "AssertionError: Timed out retrying after 10000ms: Expected to find element: `[data-testid=\"favorite-btn\"]`, but never found it.",
                "estack": "AssertionError: Timed out retrying after 10000ms: Expected to find element: `[data-testid=\"favorite-btn\"]`, but never found it.\n    at Context.eval (http://localhost:3000/__cypress/tests?p=cypress/integration/47-recipe_in_progress_spec.js:369:44)",
                "diff": null
              },
              "uuid": "53a20177-42de-4fc9-b1bd-2fb906c599b8",
              "parentUUID": "ed123e4e-6751-4a5f-bec4-c88234f77ffb",
              "isHook": false,
              "skipped": false
            },
            {
              "title": "favorita receita de uma comida",
              "fullTitle": "51 - Desenvolva a lógica de favoritar e compartilhar, a lógica da tela de detalhes de uma receita se aplica aqui favorita receita de uma comida",
              "timedOut": null,
              "duration": 10172,
              "state": "failed",
              "speed": null,
              "pass": false,
              "fail": true,
              "pending": false,
              "context": null,
              "code": "cy.visit('http://localhost:3000/foods/52771/in-progress', {\n  onBeforeLoad(win) {\n    win.fetch = fetchMock;\n  }\n});\ncy.get('[data-testid=\"favorite-btn\"]').click().then(() => {\n  const favoriteRecipes = JSON.parse(localStorage.getItem('favoriteRecipes'));\n  const expectedFavoriteRecipes = [{\n    id: '52771',\n    type: 'food',\n    nationality: 'Italian',\n    category: 'Vegetarian',\n    alcoholicOrNot: '',\n    name: 'Spicy Arrabiata Penne',\n    image: 'https://www.themealdb.com/images/media/meals/ustsqw1468250014.jpg'\n  }];\n  expect(favoriteRecipes).to.deep.eq(expectedFavoriteRecipes);\n  localStorage.clear();\n});",
              "err": {
                "message": "AssertionError: Timed out retrying after 10000ms: Expected to find element: `[data-testid=\"favorite-btn\"]`, but never found it.",
                "estack": "AssertionError: Timed out retrying after 10000ms: Expected to find element: `[data-testid=\"favorite-btn\"]`, but never found it.\n    at Context.eval (http://localhost:3000/__cypress/tests?p=cypress/integration/47-recipe_in_progress_spec.js:380:8)",
                "diff": null
              },
              "uuid": "dd598ac2-46bc-48f7-aa62-7f5fb99d7f1a",
              "parentUUID": "ed123e4e-6751-4a5f-bec4-c88234f77ffb",
              "isHook": false,
              "skipped": false
            },
            {
              "title": "favorita receita de uma bebida",
              "fullTitle": "51 - Desenvolva a lógica de favoritar e compartilhar, a lógica da tela de detalhes de uma receita se aplica aqui favorita receita de uma bebida",
              "timedOut": null,
              "duration": 10159,
              "state": "failed",
              "speed": null,
              "pass": false,
              "fail": true,
              "pending": false,
              "context": null,
              "code": "cy.visit('http://localhost:3000/drinks/178319/in-progress', {\n  onBeforeLoad(win) {\n    win.fetch = fetchMock;\n  }\n});\ncy.get('[data-testid=\"favorite-btn\"]').click().then(() => {\n  const favoriteRecipes = JSON.parse(localStorage.getItem('favoriteRecipes'));\n  const expectedFavoriteRecipes = [{\n    id: '178319',\n    type: 'drink',\n    nationality: '',\n    category: 'Cocktail',\n    alcoholicOrNot: 'Alcoholic',\n    name: 'Aquamarine',\n    image: 'https://www.thecocktaildb.com/images/media/drink/zvsre31572902738.jpg'\n  }];\n  expect(favoriteRecipes).to.deep.eq(expectedFavoriteRecipes);\n  localStorage.clear();\n});",
              "err": {
                "message": "AssertionError: Timed out retrying after 10000ms: Expected to find element: `[data-testid=\"favorite-btn\"]`, but never found it.",
                "estack": "AssertionError: Timed out retrying after 10000ms: Expected to find element: `[data-testid=\"favorite-btn\"]`, but never found it.\n    at Context.eval (http://localhost:3000/__cypress/tests?p=cypress/integration/47-recipe_in_progress_spec.js:402:8)",
                "diff": null
              },
              "uuid": "734c21ef-c9ae-4de3-9cd6-e8c632622762",
              "parentUUID": "ed123e4e-6751-4a5f-bec4-c88234f77ffb",
              "isHook": false,
              "skipped": false
            }
          ],
          "suites": [],
          "passes": [],
          "failures": [
            "8049e728-719e-47a7-bbcb-a73a702e44c9",
            "ba550bc8-66fa-498b-ba86-c0fe3fe14c5e",
            "1dc276ce-78ac-4ead-9f2c-20fd1030cb53",
            "43c295e5-37c1-47f5-89c1-975761bdd0bf",
            "64d47510-f1ca-4672-8683-38f30c07a65f",
            "13995c4e-bbfb-4bc6-a048-22f8e0c361e1",
            "41382172-50ab-4e7e-8e16-9ae55938f1fc",
            "f6940b89-c2df-4606-98fc-0052d3bf4aa5",
            "96e75796-f660-4454-8248-c8b56accf62d",
            "0953573a-8744-40db-9f86-5be25640d28f",
            "ba63bbc2-581e-4a35-9651-f4a8888e60e6",
            "53a20177-42de-4fc9-b1bd-2fb906c599b8",
            "dd598ac2-46bc-48f7-aa62-7f5fb99d7f1a",
            "734c21ef-c9ae-4de3-9cd6-e8c632622762"
          ],
          "pending": [],
          "skipped": [],
          "duration": 142460,
          "root": false,
          "rootEmpty": false,
          "_timeout": 2000
        },
        {
          "uuid": "38479cfe-f3ce-4eb5-9106-943e7c014215",
          "title": "52 - Implemente a solução de maneira que o botão de finalizar receita (\"Finish Recipe\") só pode estar habilitado quando todos os ingredientes estiverem _\"checkados\"_ (marcados)",
          "fullFile": "",
          "file": "",
          "beforeHooks": [],
          "afterHooks": [],
          "tests": [
            {
              "title": "verifica se botão para finalizar está desabilitado em receitas de comidas",
              "fullTitle": "52 - Implemente a solução de maneira que o botão de finalizar receita (\"Finish Recipe\") só pode estar habilitado quando todos os ingredientes estiverem _\"checkados\"_ (marcados) verifica se botão para finalizar está desabilitado em receitas de comidas",
              "timedOut": null,
              "duration": 10165,
              "state": "failed",
              "speed": null,
              "pass": false,
              "fail": true,
              "pending": false,
              "context": null,
              "code": "cy.visit('http://localhost:3000/foods/52771/in-progress', {\n  onBeforeLoad(win) {\n    win.fetch = fetchMock;\n  }\n});\ncy.get('[data-testid*=\"ingredient-step\"]').find('input[type=\"checkbox\"]').first().check();\ncy.get('[data-testid=\"finish-recipe-btn\"]').should('be.disabled');",
              "err": {
                "message": "AssertionError: Timed out retrying after 10000ms: Expected to find element: `[data-testid*=\"ingredient-step\"]`, but never found it.",
                "estack": "AssertionError: Timed out retrying after 10000ms: Expected to find element: `[data-testid*=\"ingredient-step\"]`, but never found it.\n    at Context.eval (http://localhost:3000/__cypress/tests?p=cypress/integration/47-recipe_in_progress_spec.js:426:8)",
                "diff": null
              },
              "uuid": "172792d3-267a-483d-81af-125e00ce8b02",
              "parentUUID": "38479cfe-f3ce-4eb5-9106-943e7c014215",
              "isHook": false,
              "skipped": false
            },
            {
              "title": "verifica se botão para finalizar está desabilitado em receitas de bebidas",
              "fullTitle": "52 - Implemente a solução de maneira que o botão de finalizar receita (\"Finish Recipe\") só pode estar habilitado quando todos os ingredientes estiverem _\"checkados\"_ (marcados) verifica se botão para finalizar está desabilitado em receitas de bebidas",
              "timedOut": null,
              "duration": 10171,
              "state": "failed",
              "speed": null,
              "pass": false,
              "fail": true,
              "pending": false,
              "context": null,
              "code": "cy.visit('http://localhost:3000/drinks/178319/in-progress', {\n  onBeforeLoad(win) {\n    win.fetch = fetchMock;\n  }\n});\ncy.get('[data-testid*=\"ingredient-step\"]').find('input[type=\"checkbox\"]').first().check();\ncy.get('[data-testid=\"finish-recipe-btn\"]').should('be.disabled');",
              "err": {
                "message": "AssertionError: Timed out retrying after 10000ms: Expected to find element: `[data-testid*=\"ingredient-step\"]`, but never found it.",
                "estack": "AssertionError: Timed out retrying after 10000ms: Expected to find element: `[data-testid*=\"ingredient-step\"]`, but never found it.\n    at Context.eval (http://localhost:3000/__cypress/tests?p=cypress/integration/47-recipe_in_progress_spec.js:436:8)",
                "diff": null
              },
              "uuid": "f886b028-a945-4a6e-a106-9cdf6a05221b",
              "parentUUID": "38479cfe-f3ce-4eb5-9106-943e7c014215",
              "isHook": false,
              "skipped": false
            },
            {
              "title": "verifica se botão para finalizar está habilitado em receitas de comidas",
              "fullTitle": "52 - Implemente a solução de maneira que o botão de finalizar receita (\"Finish Recipe\") só pode estar habilitado quando todos os ingredientes estiverem _\"checkados\"_ (marcados) verifica se botão para finalizar está habilitado em receitas de comidas",
              "timedOut": null,
              "duration": 10149,
              "state": "failed",
              "speed": null,
              "pass": false,
              "fail": true,
              "pending": false,
              "context": null,
              "code": "cy.visit('http://localhost:3000/foods/52771/in-progress', {\n  onBeforeLoad(win) {\n    win.fetch = fetchMock;\n  }\n});\ncy.get('[data-testid*=\"ingredient-step\"]').find('input[type=\"checkbox\"]').check();\ncy.get('[data-testid=\"finish-recipe-btn\"]').should('be.enabled');",
              "err": {
                "message": "AssertionError: Timed out retrying after 10000ms: Expected to find element: `[data-testid*=\"ingredient-step\"]`, but never found it.",
                "estack": "AssertionError: Timed out retrying after 10000ms: Expected to find element: `[data-testid*=\"ingredient-step\"]`, but never found it.\n    at Context.eval (http://localhost:3000/__cypress/tests?p=cypress/integration/47-recipe_in_progress_spec.js:446:8)",
                "diff": null
              },
              "uuid": "a0a32e13-45fd-4cbb-aa2c-1db003227bf2",
              "parentUUID": "38479cfe-f3ce-4eb5-9106-943e7c014215",
              "isHook": false,
              "skipped": false
            },
            {
              "title": "verifica se botão para finalizar está habilitado em receitas de bebidas",
              "fullTitle": "52 - Implemente a solução de maneira que o botão de finalizar receita (\"Finish Recipe\") só pode estar habilitado quando todos os ingredientes estiverem _\"checkados\"_ (marcados) verifica se botão para finalizar está habilitado em receitas de bebidas",
              "timedOut": null,
              "duration": 10154,
              "state": "failed",
              "speed": null,
              "pass": false,
              "fail": true,
              "pending": false,
              "context": null,
              "code": "cy.visit('http://localhost:3000/drinks/178319/in-progress', {\n  onBeforeLoad(win) {\n    win.fetch = fetchMock;\n  }\n});\ncy.get('[data-testid*=\"ingredient-step\"]').find('input[type=\"checkbox\"]').check();\ncy.get('[data-testid=\"finish-recipe-btn\"]').should('be.enabled');",
              "err": {
                "message": "AssertionError: Timed out retrying after 10000ms: Expected to find element: `[data-testid*=\"ingredient-step\"]`, but never found it.",
                "estack": "AssertionError: Timed out retrying after 10000ms: Expected to find element: `[data-testid*=\"ingredient-step\"]`, but never found it.\n    at Context.eval (http://localhost:3000/__cypress/tests?p=cypress/integration/47-recipe_in_progress_spec.js:456:8)",
                "diff": null
              },
              "uuid": "48633f80-3b8c-4cac-9dd9-ec6570009c8c",
              "parentUUID": "38479cfe-f3ce-4eb5-9106-943e7c014215",
              "isHook": false,
              "skipped": false
            }
          ],
          "suites": [],
          "passes": [],
          "failures": [
            "172792d3-267a-483d-81af-125e00ce8b02",
            "f886b028-a945-4a6e-a106-9cdf6a05221b",
            "a0a32e13-45fd-4cbb-aa2c-1db003227bf2",
            "48633f80-3b8c-4cac-9dd9-ec6570009c8c"
          ],
          "pending": [],
          "skipped": [],
          "duration": 40639,
          "root": false,
          "rootEmpty": false,
          "_timeout": 2000
        },
        {
          "uuid": "c2cce956-4b60-47e0-a6f8-7c40ea83373e",
          "title": "53 - Redirecione a pessoa usuária após clicar no botão de finalizar receita (\"Finish Recipe\"), para a página de receitas feitas, cuja rota deve ser `/done-recipes`",
          "fullFile": "",
          "file": "",
          "beforeHooks": [],
          "afterHooks": [],
          "tests": [
            {
              "title": "redireciona após concluir uma receita de comida",
              "fullTitle": "53 - Redirecione a pessoa usuária após clicar no botão de finalizar receita (\"Finish Recipe\"), para a página de receitas feitas, cuja rota deve ser `/done-recipes` redireciona após concluir uma receita de comida",
              "timedOut": null,
              "duration": 10195,
              "state": "failed",
              "speed": null,
              "pass": false,
              "fail": true,
              "pending": false,
              "context": null,
              "code": "cy.visit('http://localhost:3000/foods/52771/in-progress', {\n  onBeforeLoad(win) {\n    win.fetch = fetchMock;\n  }\n});\ncy.get('[data-testid*=\"ingredient-step\"]').find('input[type=\"checkbox\"]').check();\ncy.get('[data-testid=\"finish-recipe-btn\"]').click();\ncy.location().should(loc => expect(loc.pathname).to.eq('/done-recipes'));",
              "err": {
                "message": "AssertionError: Timed out retrying after 10000ms: Expected to find element: `[data-testid*=\"ingredient-step\"]`, but never found it.",
                "estack": "AssertionError: Timed out retrying after 10000ms: Expected to find element: `[data-testid*=\"ingredient-step\"]`, but never found it.\n    at Context.eval (http://localhost:3000/__cypress/tests?p=cypress/integration/47-recipe_in_progress_spec.js:468:8)",
                "diff": null
              },
              "uuid": "d0b89583-9bc3-429a-8e12-323a565a8ab8",
              "parentUUID": "c2cce956-4b60-47e0-a6f8-7c40ea83373e",
              "isHook": false,
              "skipped": false
            },
            {
              "title": "redireciona após concluir uma receita de bebida",
              "fullTitle": "53 - Redirecione a pessoa usuária após clicar no botão de finalizar receita (\"Finish Recipe\"), para a página de receitas feitas, cuja rota deve ser `/done-recipes` redireciona após concluir uma receita de bebida",
              "timedOut": null,
              "duration": 10149,
              "state": "failed",
              "speed": null,
              "pass": false,
              "fail": true,
              "pending": false,
              "context": null,
              "code": "cy.visit('http://localhost:3000/drinks/178319/in-progress', {\n  onBeforeLoad(win) {\n    win.fetch = fetchMock;\n  }\n});\ncy.get('[data-testid*=\"ingredient-step\"]').find('input[type=\"checkbox\"]').check();\ncy.get('[data-testid=\"finish-recipe-btn\"]').click();\ncy.location().should(loc => expect(loc.pathname).to.eq('/done-recipes'));",
              "err": {
                "message": "AssertionError: Timed out retrying after 10000ms: Expected to find element: `[data-testid*=\"ingredient-step\"]`, but never found it.",
                "estack": "AssertionError: Timed out retrying after 10000ms: Expected to find element: `[data-testid*=\"ingredient-step\"]`, but never found it.\n    at Context.eval (http://localhost:3000/__cypress/tests?p=cypress/integration/47-recipe_in_progress_spec.js:479:8)",
                "diff": null
              },
              "uuid": "d220c434-e91d-4c9d-9454-1c50c04c779a",
              "parentUUID": "c2cce956-4b60-47e0-a6f8-7c40ea83373e",
              "isHook": false,
              "skipped": false
            }
          ],
          "suites": [],
          "passes": [],
          "failures": [
            "d0b89583-9bc3-429a-8e12-323a565a8ab8",
            "d220c434-e91d-4c9d-9454-1c50c04c779a"
          ],
          "pending": [],
          "skipped": [],
          "duration": 20344,
          "root": false,
          "rootEmpty": false,
          "_timeout": 2000
        }
      ],
      "passes": [],
      "failures": [],
      "pending": [],
      "skipped": [],
      "duration": 0,
      "root": true,
      "rootEmpty": true,
      "_timeout": 2000
    }
  ],
  "meta": {
    "mocha": {
      "version": "7.0.1"
    },
    "mochawesome": {
      "options": {
        "quiet": false,
        "reportFilename": "mochawesome",
        "saveHtml": false,
        "saveJson": true,
        "consoleReporter": "spec",
        "useInlineDiffs": false,
        "code": true
      },
      "version": "6.3.1"
    },
    "marge": {
      "options": {
        "id": "default",
        "reportDir": "cypress/reports",
        "overwrite": false,
        "html": false,
        "json": true
      },
      "version": "5.2.0"
    }
  }
}