{
  "stats": {
    "suites": 6,
    "tests": 8,
    "passes": 0,
    "pending": 0,
    "failures": 8,
    "start": "2022-03-11T19:30:32.339Z",
    "end": "2022-03-11T19:31:45.631Z",
    "duration": 73292,
    "testsRegistered": 10,
    "passPercent": 0,
    "pendingPercent": 0,
    "other": 0,
    "hasOther": false,
    "skipped": 2,
    "hasSkipped": true
  },
  "results": [
    {
      "uuid": "53054923-1609-4a45-a66a-cfeb9eaba872",
      "title": "",
      "fullFile": "cypress/integration/54-done_recipes_spec.js",
      "file": "cypress/integration/54-done_recipes_spec.js",
      "beforeHooks": [],
      "afterHooks": [],
      "tests": [],
      "suites": [
        {
          "uuid": "64b69ff0-acc0-4a5d-832a-94996337cf7e",
          "title": "Done recipes screen",
          "fullFile": "",
          "file": "",
          "beforeHooks": [],
          "afterHooks": [],
          "tests": [],
          "suites": [
            {
              "uuid": "1545699f-e1c0-4b26-ada0-4a3cc93b943a",
              "title": "54 - Implemente os elementos da tela de receitas feitas respeitando os atributos descritos no protótipo",
              "fullFile": "",
              "file": "",
              "beforeHooks": [],
              "afterHooks": [],
              "tests": [
                {
                  "title": "Todos os data-testids estão disponíveis",
                  "fullTitle": "Done recipes screen 54 - Implemente os elementos da tela de receitas feitas respeitando os atributos descritos no protótipo Todos os data-testids estão disponíveis",
                  "timedOut": null,
                  "duration": 10508,
                  "state": "failed",
                  "speed": null,
                  "pass": false,
                  "fail": true,
                  "pending": false,
                  "context": null,
                  "code": "cy.get('[data-testid=\"filter-by-all-btn\"]');\ncy.get('[data-testid=\"filter-by-food-btn\"]');\ncy.get('[data-testid=\"filter-by-drink-btn\"]');\ncy.get('[data-testid=\"0-horizontal-image\"]');\ncy.get('[data-testid=\"0-horizontal-top-text\"]');\ncy.get('[data-testid=\"0-horizontal-name\"]');\ncy.get('[data-testid=\"0-horizontal-done-date\"]');\ncy.get('[data-testid=\"0-horizontal-share-btn\"]');\ncy.get('[data-testid=\"0-Pasta-horizontal-tag\"]');\ncy.get('[data-testid=\"0-Curry-horizontal-tag\"]');\ncy.get('[data-testid=\"1-horizontal-image\"]');\ncy.get('[data-testid=\"1-horizontal-top-text\"]');\ncy.get('[data-testid=\"1-horizontal-name\"]');\ncy.get('[data-testid=\"1-horizontal-share-btn\"]');\ncy.get('[data-testid=\"1-horizontal-done-date\"]');",
                  "err": {
                    "message": "AssertionError: Timed out retrying after 10000ms: Expected to find element: `[data-testid=\"filter-by-all-btn\"]`, but never found it.",
                    "estack": "AssertionError: Timed out retrying after 10000ms: Expected to find element: `[data-testid=\"filter-by-all-btn\"]`, but never found it.\n    at Context.eval (http://localhost:3000/__cypress/tests?p=cypress/integration/54-done_recipes_spec.js:138:10)",
                    "diff": null
                  },
                  "uuid": "da0de8d1-499e-4df9-83bf-7b6a9464c5be",
                  "parentUUID": "1545699f-e1c0-4b26-ada0-4a3cc93b943a",
                  "isHook": false,
                  "skipped": false
                }
              ],
              "suites": [],
              "passes": [],
              "failures": [
                "da0de8d1-499e-4df9-83bf-7b6a9464c5be"
              ],
              "pending": [],
              "skipped": [],
              "duration": 10508,
              "root": false,
              "rootEmpty": false,
              "_timeout": 2000
            },
            {
              "uuid": "85312a1e-8de2-41b8-99cc-e355138e59a7",
              "title": "55 - Desenvolva a tela de maneira que, caso a receita do card seja uma comida, ela deve possuir: a foto da receita, o nome, a categoria, a nacionalidade, a data em que a pessoa fez a receita, as 2 primeiras tags retornadas pela API e um botão de compartilhar",
              "fullFile": "",
              "file": "",
              "beforeHooks": [],
              "afterHooks": [],
              "tests": [
                {
                  "title": "O card possui os atributos corretos de uma comida",
                  "fullTitle": "Done recipes screen 55 - Desenvolva a tela de maneira que, caso a receita do card seja uma comida, ela deve possuir: a foto da receita, o nome, a categoria, a nacionalidade, a data em que a pessoa fez a receita, as 2 primeiras tags retornadas pela API e um botão de compartilhar O card possui os atributos corretos de uma comida",
                  "timedOut": null,
                  "duration": 10186,
                  "state": "failed",
                  "speed": null,
                  "pass": false,
                  "fail": true,
                  "pending": false,
                  "context": null,
                  "code": "cy.get('[data-testid=\"0-horizontal-image\"]').should('have.attr', 'src').should('include', doneRecipes[0].image);\ncy.get('[data-testid=\"0-horizontal-top-text\"]').contains(`${doneRecipes[0].nationality} - ${doneRecipes[0].category}`);\ncy.get('[data-testid=\"0-horizontal-name\"]').contains(doneRecipes[0].name);\ncy.get('[data-testid=\"0-horizontal-share-btn\"]').should('have.attr', 'src').should('include', 'shareIcon');\ncy.get('[data-testid=\"0-horizontal-done-date\"]').contains('23/06/2020');\ncy.get('[data-testid=\"0-Pasta-horizontal-tag\"]').contains(doneRecipes[0].tags[0]);\ncy.get('[data-testid=\"0-Curry-horizontal-tag\"]').contains(doneRecipes[0].tags[1]);",
                  "err": {
                    "message": "AssertionError: Timed out retrying after 10000ms: Expected to find element: `[data-testid=\"0-horizontal-image\"]`, but never found it.",
                    "estack": "AssertionError: Timed out retrying after 10000ms: Expected to find element: `[data-testid=\"0-horizontal-image\"]`, but never found it.\n    at Context.eval (http://localhost:3000/__cypress/tests?p=cypress/integration/54-done_recipes_spec.js:157:52)",
                    "diff": null
                  },
                  "uuid": "d483a315-dc98-45c0-9c18-49b3ce3fa597",
                  "parentUUID": "85312a1e-8de2-41b8-99cc-e355138e59a7",
                  "isHook": false,
                  "skipped": false
                }
              ],
              "suites": [],
              "passes": [],
              "failures": [
                "d483a315-dc98-45c0-9c18-49b3ce3fa597"
              ],
              "pending": [],
              "skipped": [],
              "duration": 10186,
              "root": false,
              "rootEmpty": false,
              "_timeout": 2000
            },
            {
              "uuid": "16096971-dd89-4c9e-bd37-68416e285a8d",
              "title": "56 - Desenvolva a tela de maneira que, caso a receita do card seja uma bebida, ela deve possuir: a foto da receita, o nome, se é alcoólica, a data em que a pessoa fez a receita e um botão de compartilhar",
              "fullFile": "",
              "file": "",
              "beforeHooks": [],
              "afterHooks": [],
              "tests": [
                {
                  "title": "O card possui os atributos corretos de uma bebida",
                  "fullTitle": "Done recipes screen 56 - Desenvolva a tela de maneira que, caso a receita do card seja uma bebida, ela deve possuir: a foto da receita, o nome, se é alcoólica, a data em que a pessoa fez a receita e um botão de compartilhar O card possui os atributos corretos de uma bebida",
                  "timedOut": null,
                  "duration": 10136,
                  "state": "failed",
                  "speed": null,
                  "pass": false,
                  "fail": true,
                  "pending": false,
                  "context": null,
                  "code": "cy.get('[data-testid=\"1-horizontal-image\"]').should('have.attr', 'src').should('include', doneRecipes[1].image);\ncy.get('[data-testid=\"1-horizontal-top-text\"]').contains(doneRecipes[1].alcoholicOrNot);\ncy.get('[data-testid=\"1-horizontal-name\"]').contains(doneRecipes[1].name);\ncy.get('[data-testid=\"1-horizontal-share-btn\"]').should('have.attr', 'src').should('include', 'shareIcon');\ncy.get('[data-testid=\"0-horizontal-done-date\"]').contains('23/06/2020');",
                  "err": {
                    "message": "AssertionError: Timed out retrying after 10000ms: Expected to find element: `[data-testid=\"1-horizontal-image\"]`, but never found it.",
                    "estack": "AssertionError: Timed out retrying after 10000ms: Expected to find element: `[data-testid=\"1-horizontal-image\"]`, but never found it.\n    at Context.eval (http://localhost:3000/__cypress/tests?p=cypress/integration/54-done_recipes_spec.js:168:52)",
                    "diff": null
                  },
                  "uuid": "44676740-611c-4695-9e89-37bbaa3e14d0",
                  "parentUUID": "16096971-dd89-4c9e-bd37-68416e285a8d",
                  "isHook": false,
                  "skipped": false
                }
              ],
              "suites": [],
              "passes": [],
              "failures": [
                "44676740-611c-4695-9e89-37bbaa3e14d0"
              ],
              "pending": [],
              "skipped": [],
              "duration": 10136,
              "root": false,
              "rootEmpty": false,
              "_timeout": 2000
            },
            {
              "uuid": "4aa96301-afc7-42ac-b44c-68c3bc071d86",
              "title": "57 - Desenvolva a solução de maneira que o botão de compartilhar deve copiar a URL da tela de detalhes da receita para o clipboard",
              "fullFile": "",
              "file": "",
              "beforeHooks": [],
              "afterHooks": [],
              "tests": [
                {
                  "title": "Ao clicar no botão de compartilhar deve aparecer a mensagem \"Link copied!\"",
                  "fullTitle": "Done recipes screen 57 - Desenvolva a solução de maneira que o botão de compartilhar deve copiar a URL da tela de detalhes da receita para o clipboard Ao clicar no botão de compartilhar deve aparecer a mensagem \"Link copied!\"",
                  "timedOut": null,
                  "duration": 10125,
                  "state": "failed",
                  "speed": null,
                  "pass": false,
                  "fail": true,
                  "pending": false,
                  "context": null,
                  "code": "cy.get('[data-testid=\"0-horizontal-share-btn\"]').click();\ncy.contains('Link copied!');",
                  "err": {
                    "message": "AssertionError: Timed out retrying after 10000ms: Expected to find element: `[data-testid=\"0-horizontal-share-btn\"]`, but never found it.",
                    "estack": "AssertionError: Timed out retrying after 10000ms: Expected to find element: `[data-testid=\"0-horizontal-share-btn\"]`, but never found it.\n    at Context.eval (http://localhost:3000/__cypress/tests?p=cypress/integration/54-done_recipes_spec.js:177:10)",
                    "diff": null
                  },
                  "uuid": "0d1f5584-14cc-41fe-a650-4dea25b2785d",
                  "parentUUID": "4aa96301-afc7-42ac-b44c-68c3bc071d86",
                  "isHook": false,
                  "skipped": false
                },
                {
                  "title": "A URL da tela de detalhes da receita é copiada para o clipboard",
                  "fullTitle": "Done recipes screen 57 - Desenvolva a solução de maneira que o botão de compartilhar deve copiar a URL da tela de detalhes da receita para o clipboard A URL da tela de detalhes da receita é copiada para o clipboard",
                  "timedOut": null,
                  "duration": 10126,
                  "state": "failed",
                  "speed": null,
                  "pass": false,
                  "fail": true,
                  "pending": false,
                  "context": null,
                  "code": "cy.get('[data-testid=\"0-horizontal-share-btn\"]').click();\ncy.get('@clipboard').should('be.calledWithExactly', `http://localhost:3000/foods/52771`);",
                  "err": {
                    "message": "AssertionError: Timed out retrying after 10000ms: Expected to find element: `[data-testid=\"0-horizontal-share-btn\"]`, but never found it.",
                    "estack": "AssertionError: Timed out retrying after 10000ms: Expected to find element: `[data-testid=\"0-horizontal-share-btn\"]`, but never found it.\n    at Context.eval (http://localhost:3000/__cypress/tests?p=cypress/integration/54-done_recipes_spec.js:181:10)",
                    "diff": null
                  },
                  "uuid": "9c2c1618-8b9e-4102-a41b-c833857e6b90",
                  "parentUUID": "4aa96301-afc7-42ac-b44c-68c3bc071d86",
                  "isHook": false,
                  "skipped": false
                }
              ],
              "suites": [],
              "passes": [],
              "failures": [
                "0d1f5584-14cc-41fe-a650-4dea25b2785d",
                "9c2c1618-8b9e-4102-a41b-c833857e6b90"
              ],
              "pending": [],
              "skipped": [],
              "duration": 20251,
              "root": false,
              "rootEmpty": false,
              "_timeout": 2000
            },
            {
              "uuid": "9a674ff9-4343-4422-af91-d658744fd847",
              "title": "58 - Implemente 2 botões que filtram as receitas por comida ou bebida e um terceiro que remove todos os filtros",
              "fullFile": "",
              "file": "",
              "beforeHooks": [],
              "afterHooks": [],
              "tests": [
                {
                  "title": "Ao clicar no botão \"Food\" as receitas devem ser filtradas por comidas",
                  "fullTitle": "Done recipes screen 58 - Implemente 2 botões que filtram as receitas por comida ou bebida e um terceiro que remove todos os filtros Ao clicar no botão \"Food\" as receitas devem ser filtradas por comidas",
                  "timedOut": null,
                  "duration": 10186,
                  "state": "failed",
                  "speed": null,
                  "pass": false,
                  "fail": true,
                  "pending": false,
                  "context": null,
                  "code": "cy.get('[data-testid=\"filter-by-food-btn\"]').click();\ncy.get('[data-testid=\"0-horizontal-name\"]').contains(doneRecipes[0].name);\ncy.get('[data-testid=\"1-horizontal-name\"]').should('not.exist');",
                  "err": {
                    "message": "AssertionError: Timed out retrying after 10000ms: Expected to find element: `[data-testid=\"filter-by-food-btn\"]`, but never found it.",
                    "estack": "AssertionError: Timed out retrying after 10000ms: Expected to find element: `[data-testid=\"filter-by-food-btn\"]`, but never found it.\n    at Context.eval (http://localhost:3000/__cypress/tests?p=cypress/integration/54-done_recipes_spec.js:187:10)",
                    "diff": null
                  },
                  "uuid": "cd67c9ae-dd0f-4f86-b565-052c75f8285b",
                  "parentUUID": "9a674ff9-4343-4422-af91-d658744fd847",
                  "isHook": false,
                  "skipped": false
                },
                {
                  "title": "Ao clicar no botão \"Drinks\" as receitas devem ser filtradas por bebidas",
                  "fullTitle": "Done recipes screen 58 - Implemente 2 botões que filtram as receitas por comida ou bebida e um terceiro que remove todos os filtros Ao clicar no botão \"Drinks\" as receitas devem ser filtradas por bebidas",
                  "timedOut": null,
                  "duration": 10179,
                  "state": "failed",
                  "speed": null,
                  "pass": false,
                  "fail": true,
                  "pending": false,
                  "context": null,
                  "code": "cy.get('[data-testid=\"filter-by-drink-btn\"]').click();\ncy.get('[data-testid=\"0-horizontal-name\"]').contains(doneRecipes[1].name);\ncy.get('[data-testid=\"1-horizontal-name\"]').should('not.exist');",
                  "err": {
                    "message": "AssertionError: Timed out retrying after 10000ms: Expected to find element: `[data-testid=\"filter-by-drink-btn\"]`, but never found it.",
                    "estack": "AssertionError: Timed out retrying after 10000ms: Expected to find element: `[data-testid=\"filter-by-drink-btn\"]`, but never found it.\n    at Context.eval (http://localhost:3000/__cypress/tests?p=cypress/integration/54-done_recipes_spec.js:192:10)",
                    "diff": null
                  },
                  "uuid": "202cf7e0-ffbb-46a5-b3ce-ef398ad5bc9c",
                  "parentUUID": "9a674ff9-4343-4422-af91-d658744fd847",
                  "isHook": false,
                  "skipped": false
                },
                {
                  "title": "Ao clicar no botão \"All\" o filtro deve ser removido",
                  "fullTitle": "Done recipes screen 58 - Implemente 2 botões que filtram as receitas por comida ou bebida e um terceiro que remove todos os filtros Ao clicar no botão \"All\" o filtro deve ser removido",
                  "timedOut": null,
                  "duration": 570,
                  "state": "failed",
                  "speed": null,
                  "pass": false,
                  "fail": true,
                  "pending": false,
                  "context": null,
                  "code": "cy.get('[data-testid=\"filter-by-food-btn\"]').click();\ncy.get('[data-testid=\"filter-by-all-btn\"]').click();\ncy.get('[data-testid=\"0-horizontal-name\"]').contains(doneRecipes[0].name);\ncy.get('[data-testid=\"1-horizontal-name\"]').contains(doneRecipes[1].name);",
                  "err": {
                    "message": "CypressError: `cy.visit()` failed trying to load:\n\nhttp://localhost:3000/done-recipes\n\nWe attempted to make an http request to this URL but the request failed without a response.\n\nWe received this error at the network level:\n\n  > Error: connect ECONNREFUSED 127.0.0.1:3000\n\nCommon situations why this would fail:\n  - you don't have internet access\n  - you forgot to run / boot your web server\n  - your web server isn't accessible\n  - you have weird network configuration settings on your computer\n\nBecause this error occurred during a `before each` hook we are skipping the remaining tests in the current suite: `Done recipes screen`",
                    "estack": "CypressError: `cy.visit()` failed trying to load:\n\nhttp://localhost:3000/done-recipes\n\nWe attempted to make an http request to this URL but the request failed without a response.\n\nWe received this error at the network level:\n\n  > Error: connect ECONNREFUSED 127.0.0.1:3000\n\nCommon situations why this would fail:\n  - you don't have internet access\n  - you forgot to run / boot your web server\n  - your web server isn't accessible\n  - you have weird network configuration settings on your computer\n\nBecause this error occurred during a `before each` hook we are skipping the remaining tests in the current suite: `Done recipes screen`\n    at http://localhost:3000/__cypress/runner/cypress_runner.js:159050:82\n    at visitFailedByErr (http://localhost:3000/__cypress/runner/cypress_runner.js:158403:12)\n    at http://localhost:3000/__cypress/runner/cypress_runner.js:159049:11\n    at tryCatcher (http://localhost:3000/__cypress/runner/cypress_runner.js:13196:23)\n    at Promise._settlePromiseFromHandler (http://localhost:3000/__cypress/runner/cypress_runner.js:11131:31)\n    at Promise._settlePromise (http://localhost:3000/__cypress/runner/cypress_runner.js:11188:18)\n    at Promise._settlePromise0 (http://localhost:3000/__cypress/runner/cypress_runner.js:11233:10)\n    at Promise._settlePromises (http://localhost:3000/__cypress/runner/cypress_runner.js:11309:18)\n    at _drainQueueStep (http://localhost:3000/__cypress/runner/cypress_runner.js:7903:12)\n    at _drainQueue (http://localhost:3000/__cypress/runner/cypress_runner.js:7896:9)\n    at Async.../../node_modules/bluebird/js/release/async.js.Async._drainQueues (http://localhost:3000/__cypress/runner/cypress_runner.js:7912:5)\n    at Async.drainQueues (http://localhost:3000/__cypress/runner/cypress_runner.js:7782:14)\nFrom Your Spec Code:\n    at Context.eval (http://localhost:3000/__cypress/tests?p=cypress/integration/54-done_recipes_spec.js:123:8)\n\nFrom Node.js Internals:\n  Error: connect ECONNREFUSED 127.0.0.1:3000\n      at TCPConnectWrap.afterConnect [as oncomplete] (node:net:1142:16)\n  ",
                    "diff": null
                  },
                  "uuid": "cc8d6bc4-50f3-49d6-a0ae-ccd9b50a806f",
                  "parentUUID": "9a674ff9-4343-4422-af91-d658744fd847",
                  "isHook": false,
                  "skipped": false
                }
              ],
              "suites": [],
              "passes": [],
              "failures": [
                "cd67c9ae-dd0f-4f86-b565-052c75f8285b",
                "202cf7e0-ffbb-46a5-b3ce-ef398ad5bc9c",
                "cc8d6bc4-50f3-49d6-a0ae-ccd9b50a806f"
              ],
              "pending": [],
              "skipped": [],
              "duration": 20935,
              "root": false,
              "rootEmpty": false,
              "_timeout": 2000
            },
            {
              "uuid": "41c9440a-4f81-42da-be9a-914c2d07ac57",
              "title": "59 - Redirecione para a tela de detalhes da receita caso seja clicado na foto ou no nome da receita",
              "fullFile": "",
              "file": "",
              "beforeHooks": [],
              "afterHooks": [],
              "tests": [
                {
                  "title": "Ao clicar na foto da receita, a rota deve mudar para a tela de detalhes daquela receita",
                  "fullTitle": "Done recipes screen 59 - Redirecione para a tela de detalhes da receita caso seja clicado na foto ou no nome da receita Ao clicar na foto da receita, a rota deve mudar para a tela de detalhes daquela receita",
                  "timedOut": null,
                  "duration": 0,
                  "state": "skipped",
                  "speed": null,
                  "pass": false,
                  "fail": false,
                  "pending": false,
                  "context": null,
                  "code": "cy.get('[data-testid=\"0-horizontal-image\"]').click();\ncy.location().should(loc => expect(loc.pathname).to.eq('/foods/52771'));",
                  "err": {},
                  "uuid": "50f38250-8bc9-4d72-98d0-f35b0900692c",
                  "parentUUID": null,
                  "isHook": false,
                  "skipped": true
                },
                {
                  "title": "Ao clicar no nome da receita, a rota deve mudar para a tela de detalhes daquela receita",
                  "fullTitle": "Done recipes screen 59 - Redirecione para a tela de detalhes da receita caso seja clicado na foto ou no nome da receita Ao clicar no nome da receita, a rota deve mudar para a tela de detalhes daquela receita",
                  "timedOut": null,
                  "duration": 0,
                  "state": "skipped",
                  "speed": null,
                  "pass": false,
                  "fail": false,
                  "pending": false,
                  "context": null,
                  "code": "cy.get('[data-testid=\"1-horizontal-name\"]').click();\ncy.location().should(loc => expect(loc.pathname).to.eq('/drinks/178319'));",
                  "err": {},
                  "uuid": "f5f3a78f-de9d-46ae-858a-ca4c6b2b5d39",
                  "parentUUID": null,
                  "isHook": false,
                  "skipped": true
                }
              ],
              "suites": [],
              "passes": [],
              "failures": [],
              "pending": [],
              "skipped": [
                "50f38250-8bc9-4d72-98d0-f35b0900692c",
                "f5f3a78f-de9d-46ae-858a-ca4c6b2b5d39"
              ],
              "duration": 0,
              "root": false,
              "rootEmpty": false,
              "_timeout": 2000
            }
          ],
          "passes": [],
          "failures": [],
          "pending": [],
          "skipped": [],
          "duration": 0,
          "root": false,
          "rootEmpty": false,
          "_timeout": 2000
        }
      ],
      "passes": [],
      "failures": [],
      "pending": [],
      "skipped": [],
      "duration": 0,
      "root": true,
      "rootEmpty": true,
      "_timeout": 2000
    }
  ],
  "meta": {
    "mocha": {
      "version": "7.0.1"
    },
    "mochawesome": {
      "options": {
        "quiet": false,
        "reportFilename": "mochawesome",
        "saveHtml": false,
        "saveJson": true,
        "consoleReporter": "spec",
        "useInlineDiffs": false,
        "code": true
      },
      "version": "6.3.1"
    },
    "marge": {
      "options": {
        "id": "default",
        "reportDir": "cypress/reports",
        "overwrite": false,
        "html": false,
        "json": true
      },
      "version": "5.2.0"
    }
  }
}