{
  "stats": {
    "suites": 6,
    "tests": 15,
    "passes": 0,
    "pending": 0,
    "failures": 15,
    "start": "2022-03-08T21:44:12.332Z",
    "end": "2022-03-08T21:44:29.379Z",
    "duration": 17047,
    "testsRegistered": 15,
    "passPercent": 0,
    "pendingPercent": 0,
    "other": 0,
    "hasOther": false,
    "skipped": 0,
    "hasSkipped": false
  },
  "results": [
    {
      "uuid": "00f53cad-d440-456d-bfea-5e2d3e2ede4d",
      "title": "",
      "fullFile": "cypress/integration/13-header_search_bar_spec.js",
      "file": "cypress/integration/13-header_search_bar_spec.js",
      "beforeHooks": [],
      "afterHooks": [],
      "tests": [],
      "suites": [
        {
          "uuid": "b651f7c8-a477-49f9-a2d2-2e5688072737",
          "title": "13 - Implemente os elementos da barra de busca respeitando os atributos descritos no protótipo",
          "fullFile": "",
          "file": "",
          "beforeHooks": [],
          "afterHooks": [],
          "tests": [
            {
              "title": "Tem os data-testids tanto da barra de busca quanto de todos os radio-buttons",
              "fullTitle": "13 - Implemente os elementos da barra de busca respeitando os atributos descritos no protótipo Tem os data-testids tanto da barra de busca quanto de todos os radio-buttons",
              "timedOut": null,
              "duration": 584,
              "state": "failed",
              "speed": null,
              "pass": false,
              "fail": true,
              "pending": false,
              "context": null,
              "code": "cy.visit('http://localhost:3000/foods');\ncy.get('[data-testid=\"search-top-btn\"]').click();\ncy.get('[data-testid=\"search-input\"]');\ncy.get('[data-testid=\"ingredient-search-radio\"]');\ncy.get('[data-testid=\"name-search-radio\"]');\ncy.get('[data-testid=\"first-letter-search-radio\"]');\ncy.get('[data-testid=\"exec-search-btn\"]');",
              "err": {
                "message": "CypressError: `cy.visit()` failed trying to load:\n\nhttp://localhost:3000/foods\n\nWe attempted to make an http request to this URL but the request failed without a response.\n\nWe received this error at the network level:\n\n  > Error: connect ECONNREFUSED 127.0.0.1:3000\n\nCommon situations why this would fail:\n  - you don't have internet access\n  - you forgot to run / boot your web server\n  - your web server isn't accessible\n  - you have weird network configuration settings on your computer",
                "estack": "CypressError: `cy.visit()` failed trying to load:\n\nhttp://localhost:3000/foods\n\nWe attempted to make an http request to this URL but the request failed without a response.\n\nWe received this error at the network level:\n\n  > Error: connect ECONNREFUSED 127.0.0.1:3000\n\nCommon situations why this would fail:\n  - you don't have internet access\n  - you forgot to run / boot your web server\n  - your web server isn't accessible\n  - you have weird network configuration settings on your computer\n    at http://localhost:38683/__cypress/runner/cypress_runner.js:159050:82\n    at visitFailedByErr (http://localhost:38683/__cypress/runner/cypress_runner.js:158403:12)\n    at http://localhost:38683/__cypress/runner/cypress_runner.js:159049:11\n    at tryCatcher (http://localhost:38683/__cypress/runner/cypress_runner.js:13196:23)\n    at Promise._settlePromiseFromHandler (http://localhost:38683/__cypress/runner/cypress_runner.js:11131:31)\n    at Promise._settlePromise (http://localhost:38683/__cypress/runner/cypress_runner.js:11188:18)\n    at Promise._settlePromise0 (http://localhost:38683/__cypress/runner/cypress_runner.js:11233:10)\n    at Promise._settlePromises (http://localhost:38683/__cypress/runner/cypress_runner.js:11309:18)\n    at _drainQueueStep (http://localhost:38683/__cypress/runner/cypress_runner.js:7903:12)\n    at _drainQueue (http://localhost:38683/__cypress/runner/cypress_runner.js:7896:9)\n    at Async.../../node_modules/bluebird/js/release/async.js.Async._drainQueues (http://localhost:38683/__cypress/runner/cypress_runner.js:7912:5)\n    at Async.drainQueues (http://localhost:38683/__cypress/runner/cypress_runner.js:7782:14)\nFrom Your Spec Code:\n    at Context.eval (http://localhost:38683/__cypress/tests?p=cypress/integration/13-header_search_bar_spec.js:108:8)\n\nFrom Node.js Internals:\n  Error: connect ECONNREFUSED 127.0.0.1:3000\n      at TCPConnectWrap.afterConnect [as oncomplete] (node:net:1142:16)\n  ",
                "diff": null
              },
              "uuid": "a02dd187-fed7-4f43-9f38-b74895b158d9",
              "parentUUID": "b651f7c8-a477-49f9-a2d2-2e5688072737",
              "isHook": false,
              "skipped": false
            }
          ],
          "suites": [],
          "passes": [],
          "failures": [
            "a02dd187-fed7-4f43-9f38-b74895b158d9"
          ],
          "pending": [],
          "skipped": [],
          "duration": 584,
          "root": false,
          "rootEmpty": false,
          "_timeout": 2000
        },
        {
          "uuid": "3941f53e-4e86-4b79-8dc3-7af64d043d44",
          "title": "14 - Posicione a barra logo abaixo do header e implemente 3 radio buttons: Ingredient, Name e First letter",
          "fullFile": "",
          "file": "",
          "beforeHooks": [],
          "afterHooks": [],
          "tests": [
            {
              "title": "Se o radio selecionado for Ingredient, a busca na API é feita corretamente pelo ingrediente",
              "fullTitle": "14 - Posicione a barra logo abaixo do header e implemente 3 radio buttons: Ingredient, Name e First letter Se o radio selecionado for Ingredient, a busca na API é feita corretamente pelo ingrediente",
              "timedOut": null,
              "duration": 566,
              "state": "failed",
              "speed": null,
              "pass": false,
              "fail": true,
              "pending": false,
              "context": null,
              "code": "cy.visit('http://localhost:3000/foods', {\n  onBeforeLoad(win) {\n    cy.spy(win, 'fetch');\n  }\n});\ncy.get('[data-testid=\"search-top-btn\"]').click();\ncy.get('[data-testid=\"ingredient-search-radio\"]').click();\ncy.get('[data-testid=\"search-input\"]').type('chicken');\ncy.get('[data-testid=\"exec-search-btn\"]').click();\ncy.window().its('fetch').should('be.calledWith', 'https://www.themealdb.com/api/json/v1/1/filter.php?i=chicken');",
              "err": {
                "message": "CypressError: `cy.visit()` failed trying to load:\n\nhttp://localhost:3000/foods\n\nWe attempted to make an http request to this URL but the request failed without a response.\n\nWe received this error at the network level:\n\n  > Error: connect ECONNREFUSED 127.0.0.1:3000\n\nCommon situations why this would fail:\n  - you don't have internet access\n  - you forgot to run / boot your web server\n  - your web server isn't accessible\n  - you have weird network configuration settings on your computer",
                "estack": "CypressError: `cy.visit()` failed trying to load:\n\nhttp://localhost:3000/foods\n\nWe attempted to make an http request to this URL but the request failed without a response.\n\nWe received this error at the network level:\n\n  > Error: connect ECONNREFUSED 127.0.0.1:3000\n\nCommon situations why this would fail:\n  - you don't have internet access\n  - you forgot to run / boot your web server\n  - your web server isn't accessible\n  - you have weird network configuration settings on your computer\n    at http://localhost:38683/__cypress/runner/cypress_runner.js:159050:82\n    at visitFailedByErr (http://localhost:38683/__cypress/runner/cypress_runner.js:158403:12)\n    at http://localhost:38683/__cypress/runner/cypress_runner.js:159049:11\n    at tryCatcher (http://localhost:38683/__cypress/runner/cypress_runner.js:13196:23)\n    at Promise._settlePromiseFromHandler (http://localhost:38683/__cypress/runner/cypress_runner.js:11131:31)\n    at Promise._settlePromise (http://localhost:38683/__cypress/runner/cypress_runner.js:11188:18)\n    at Promise._settlePromise0 (http://localhost:38683/__cypress/runner/cypress_runner.js:11233:10)\n    at Promise._settlePromises (http://localhost:38683/__cypress/runner/cypress_runner.js:11309:18)\n    at _drainQueueStep (http://localhost:38683/__cypress/runner/cypress_runner.js:7903:12)\n    at _drainQueue (http://localhost:38683/__cypress/runner/cypress_runner.js:7896:9)\n    at Async.../../node_modules/bluebird/js/release/async.js.Async._drainQueues (http://localhost:38683/__cypress/runner/cypress_runner.js:7912:5)\n    at Async.drainQueues (http://localhost:38683/__cypress/runner/cypress_runner.js:7782:14)\nFrom Your Spec Code:\n    at Context.eval (http://localhost:38683/__cypress/tests?p=cypress/integration/13-header_search_bar_spec.js:119:8)\n\nFrom Node.js Internals:\n  Error: connect ECONNREFUSED 127.0.0.1:3000\n      at TCPConnectWrap.afterConnect [as oncomplete] (node:net:1142:16)\n  ",
                "diff": null
              },
              "uuid": "b6fee77f-64f4-4a2e-a905-1940f093d5e3",
              "parentUUID": "3941f53e-4e86-4b79-8dc3-7af64d043d44",
              "isHook": false,
              "skipped": false
            },
            {
              "title": "Se o radio selecionado for Name, a busca na API é feita corretamente pelo nome",
              "fullTitle": "14 - Posicione a barra logo abaixo do header e implemente 3 radio buttons: Ingredient, Name e First letter Se o radio selecionado for Name, a busca na API é feita corretamente pelo nome",
              "timedOut": null,
              "duration": 542,
              "state": "failed",
              "speed": null,
              "pass": false,
              "fail": true,
              "pending": false,
              "context": null,
              "code": "cy.visit('http://localhost:3000/foods', {\n  onBeforeLoad(win) {\n    cy.spy(win, 'fetch');\n  }\n});\ncy.get('[data-testid=\"search-top-btn\"]').click();\ncy.get('[data-testid=\"name-search-radio\"]').click();\ncy.get('[data-testid=\"search-input\"]').type('soup');\ncy.get('[data-testid=\"exec-search-btn\"]').click();\ncy.window().its('fetch').should('be.calledWith', 'https://www.themealdb.com/api/json/v1/1/search.php?s=soup');",
              "err": {
                "message": "CypressError: `cy.visit()` failed trying to load:\n\nhttp://localhost:3000/foods\n\nWe attempted to make an http request to this URL but the request failed without a response.\n\nWe received this error at the network level:\n\n  > Error: connect ECONNREFUSED 127.0.0.1:3000\n\nCommon situations why this would fail:\n  - you don't have internet access\n  - you forgot to run / boot your web server\n  - your web server isn't accessible\n  - you have weird network configuration settings on your computer",
                "estack": "CypressError: `cy.visit()` failed trying to load:\n\nhttp://localhost:3000/foods\n\nWe attempted to make an http request to this URL but the request failed without a response.\n\nWe received this error at the network level:\n\n  > Error: connect ECONNREFUSED 127.0.0.1:3000\n\nCommon situations why this would fail:\n  - you don't have internet access\n  - you forgot to run / boot your web server\n  - your web server isn't accessible\n  - you have weird network configuration settings on your computer\n    at http://localhost:38683/__cypress/runner/cypress_runner.js:159050:82\n    at visitFailedByErr (http://localhost:38683/__cypress/runner/cypress_runner.js:158403:12)\n    at http://localhost:38683/__cypress/runner/cypress_runner.js:159049:11\n    at tryCatcher (http://localhost:38683/__cypress/runner/cypress_runner.js:13196:23)\n    at Promise._settlePromiseFromHandler (http://localhost:38683/__cypress/runner/cypress_runner.js:11131:31)\n    at Promise._settlePromise (http://localhost:38683/__cypress/runner/cypress_runner.js:11188:18)\n    at Promise._settlePromise0 (http://localhost:38683/__cypress/runner/cypress_runner.js:11233:10)\n    at Promise._settlePromises (http://localhost:38683/__cypress/runner/cypress_runner.js:11309:18)\n    at _drainQueueStep (http://localhost:38683/__cypress/runner/cypress_runner.js:7903:12)\n    at _drainQueue (http://localhost:38683/__cypress/runner/cypress_runner.js:7896:9)\n    at Async.../../node_modules/bluebird/js/release/async.js.Async._drainQueues (http://localhost:38683/__cypress/runner/cypress_runner.js:7912:5)\n    at Async.drainQueues (http://localhost:38683/__cypress/runner/cypress_runner.js:7782:14)\nFrom Your Spec Code:\n    at Context.eval (http://localhost:38683/__cypress/tests?p=cypress/integration/13-header_search_bar_spec.js:132:8)\n\nFrom Node.js Internals:\n  Error: connect ECONNREFUSED 127.0.0.1:3000\n      at TCPConnectWrap.afterConnect [as oncomplete] (node:net:1142:16)\n  ",
                "diff": null
              },
              "uuid": "71c8b715-4c43-4508-b99c-c6935ed60ece",
              "parentUUID": "3941f53e-4e86-4b79-8dc3-7af64d043d44",
              "isHook": false,
              "skipped": false
            },
            {
              "title": "Se o radio selecionado for First letter, a busca na API é feita corretamente pelo primeira letra",
              "fullTitle": "14 - Posicione a barra logo abaixo do header e implemente 3 radio buttons: Ingredient, Name e First letter Se o radio selecionado for First letter, a busca na API é feita corretamente pelo primeira letra",
              "timedOut": null,
              "duration": 559,
              "state": "failed",
              "speed": null,
              "pass": false,
              "fail": true,
              "pending": false,
              "context": null,
              "code": "cy.visit('http://localhost:3000/foods', {\n  onBeforeLoad(win) {\n    cy.spy(win, 'fetch');\n  }\n});\ncy.get('[data-testid=\"search-top-btn\"]').click();\ncy.get('[data-testid=\"first-letter-search-radio\"]').click();\ncy.get('[data-testid=\"search-input\"]').type('a');\ncy.get('[data-testid=\"exec-search-btn\"]').click();\ncy.window().its('fetch').should('be.calledWith', 'https://www.themealdb.com/api/json/v1/1/search.php?f=a');",
              "err": {
                "message": "CypressError: `cy.visit()` failed trying to load:\n\nhttp://localhost:3000/foods\n\nWe attempted to make an http request to this URL but the request failed without a response.\n\nWe received this error at the network level:\n\n  > Error: connect ECONNREFUSED 127.0.0.1:3000\n\nCommon situations why this would fail:\n  - you don't have internet access\n  - you forgot to run / boot your web server\n  - your web server isn't accessible\n  - you have weird network configuration settings on your computer",
                "estack": "CypressError: `cy.visit()` failed trying to load:\n\nhttp://localhost:3000/foods\n\nWe attempted to make an http request to this URL but the request failed without a response.\n\nWe received this error at the network level:\n\n  > Error: connect ECONNREFUSED 127.0.0.1:3000\n\nCommon situations why this would fail:\n  - you don't have internet access\n  - you forgot to run / boot your web server\n  - your web server isn't accessible\n  - you have weird network configuration settings on your computer\n    at http://localhost:38683/__cypress/runner/cypress_runner.js:159050:82\n    at visitFailedByErr (http://localhost:38683/__cypress/runner/cypress_runner.js:158403:12)\n    at http://localhost:38683/__cypress/runner/cypress_runner.js:159049:11\n    at tryCatcher (http://localhost:38683/__cypress/runner/cypress_runner.js:13196:23)\n    at Promise._settlePromiseFromHandler (http://localhost:38683/__cypress/runner/cypress_runner.js:11131:31)\n    at Promise._settlePromise (http://localhost:38683/__cypress/runner/cypress_runner.js:11188:18)\n    at Promise._settlePromise0 (http://localhost:38683/__cypress/runner/cypress_runner.js:11233:10)\n    at Promise._settlePromises (http://localhost:38683/__cypress/runner/cypress_runner.js:11309:18)\n    at _drainQueueStep (http://localhost:38683/__cypress/runner/cypress_runner.js:7903:12)\n    at _drainQueue (http://localhost:38683/__cypress/runner/cypress_runner.js:7896:9)\n    at Async.../../node_modules/bluebird/js/release/async.js.Async._drainQueues (http://localhost:38683/__cypress/runner/cypress_runner.js:7912:5)\n    at Async.drainQueues (http://localhost:38683/__cypress/runner/cypress_runner.js:7782:14)\nFrom Your Spec Code:\n    at Context.eval (http://localhost:38683/__cypress/tests?p=cypress/integration/13-header_search_bar_spec.js:145:8)\n\nFrom Node.js Internals:\n  Error: connect ECONNREFUSED 127.0.0.1:3000\n      at TCPConnectWrap.afterConnect [as oncomplete] (node:net:1142:16)\n  ",
                "diff": null
              },
              "uuid": "987a1ad9-8e2f-462f-8bae-15fade5529a7",
              "parentUUID": "3941f53e-4e86-4b79-8dc3-7af64d043d44",
              "isHook": false,
              "skipped": false
            },
            {
              "title": "Se o radio selecionado for First letter e a busca na API for feita com mais de uma letra, deve-se exibir um alert",
              "fullTitle": "14 - Posicione a barra logo abaixo do header e implemente 3 radio buttons: Ingredient, Name e First letter Se o radio selecionado for First letter e a busca na API for feita com mais de uma letra, deve-se exibir um alert",
              "timedOut": null,
              "duration": 566,
              "state": "failed",
              "speed": null,
              "pass": false,
              "fail": true,
              "pending": false,
              "context": null,
              "code": "cy.visit('http://localhost:3000/foods', {\n  onBeforeLoad(win) {\n    cy.spy(win, 'alert');\n  }\n});\ncy.get('[data-testid=\"search-top-btn\"]').click();\ncy.get('[data-testid=\"first-letter-search-radio\"]').click();\ncy.get('[data-testid=\"search-input\"]').type('aaa');\ncy.get('[data-testid=\"exec-search-btn\"]').click();\ncy.window().its('alert').should('be.calledWith', 'Your search must have only 1 (one) character');",
              "err": {
                "message": "CypressError: `cy.visit()` failed trying to load:\n\nhttp://localhost:3000/foods\n\nWe attempted to make an http request to this URL but the request failed without a response.\n\nWe received this error at the network level:\n\n  > Error: connect ECONNREFUSED 127.0.0.1:3000\n\nCommon situations why this would fail:\n  - you don't have internet access\n  - you forgot to run / boot your web server\n  - your web server isn't accessible\n  - you have weird network configuration settings on your computer",
                "estack": "CypressError: `cy.visit()` failed trying to load:\n\nhttp://localhost:3000/foods\n\nWe attempted to make an http request to this URL but the request failed without a response.\n\nWe received this error at the network level:\n\n  > Error: connect ECONNREFUSED 127.0.0.1:3000\n\nCommon situations why this would fail:\n  - you don't have internet access\n  - you forgot to run / boot your web server\n  - your web server isn't accessible\n  - you have weird network configuration settings on your computer\n    at http://localhost:38683/__cypress/runner/cypress_runner.js:159050:82\n    at visitFailedByErr (http://localhost:38683/__cypress/runner/cypress_runner.js:158403:12)\n    at http://localhost:38683/__cypress/runner/cypress_runner.js:159049:11\n    at tryCatcher (http://localhost:38683/__cypress/runner/cypress_runner.js:13196:23)\n    at Promise._settlePromiseFromHandler (http://localhost:38683/__cypress/runner/cypress_runner.js:11131:31)\n    at Promise._settlePromise (http://localhost:38683/__cypress/runner/cypress_runner.js:11188:18)\n    at Promise._settlePromise0 (http://localhost:38683/__cypress/runner/cypress_runner.js:11233:10)\n    at Promise._settlePromises (http://localhost:38683/__cypress/runner/cypress_runner.js:11309:18)\n    at _drainQueueStep (http://localhost:38683/__cypress/runner/cypress_runner.js:7903:12)\n    at _drainQueue (http://localhost:38683/__cypress/runner/cypress_runner.js:7896:9)\n    at Async.../../node_modules/bluebird/js/release/async.js.Async._drainQueues (http://localhost:38683/__cypress/runner/cypress_runner.js:7912:5)\n    at Async.drainQueues (http://localhost:38683/__cypress/runner/cypress_runner.js:7782:14)\nFrom Your Spec Code:\n    at Context.eval (http://localhost:38683/__cypress/tests?p=cypress/integration/13-header_search_bar_spec.js:158:8)\n\nFrom Node.js Internals:\n  Error: connect ECONNREFUSED 127.0.0.1:3000\n      at TCPConnectWrap.afterConnect [as oncomplete] (node:net:1142:16)\n  ",
                "diff": null
              },
              "uuid": "2459b191-4a12-4a16-9e18-8893bf548ee1",
              "parentUUID": "3941f53e-4e86-4b79-8dc3-7af64d043d44",
              "isHook": false,
              "skipped": false
            }
          ],
          "suites": [],
          "passes": [],
          "failures": [
            "b6fee77f-64f4-4a2e-a905-1940f093d5e3",
            "71c8b715-4c43-4508-b99c-c6935ed60ece",
            "987a1ad9-8e2f-462f-8bae-15fade5529a7",
            "2459b191-4a12-4a16-9e18-8893bf548ee1"
          ],
          "pending": [],
          "skipped": [],
          "duration": 2233,
          "root": false,
          "rootEmpty": false,
          "_timeout": 2000
        },
        {
          "uuid": "7790c7f7-c395-4a53-a2ea-1a18692a4bc8",
          "title": "15 - Busque na API de comidas caso a pessoa esteja na página de comidas e na de bebidas caso esteja na de bebidas",
          "fullFile": "",
          "file": "",
          "beforeHooks": [],
          "afterHooks": [],
          "tests": [
            {
              "title": "Na tela de bebidas, se o radio selecionado for Ingredient, a busca na API é feita corretamente pelo ingrediente",
              "fullTitle": "15 - Busque na API de comidas caso a pessoa esteja na página de comidas e na de bebidas caso esteja na de bebidas Na tela de bebidas, se o radio selecionado for Ingredient, a busca na API é feita corretamente pelo ingrediente",
              "timedOut": null,
              "duration": 567,
              "state": "failed",
              "speed": null,
              "pass": false,
              "fail": true,
              "pending": false,
              "context": null,
              "code": "cy.visit('http://localhost:3000/drinks', {\n  onBeforeLoad(win) {\n    cy.spy(win, 'fetch');\n  }\n});\ncy.get('[data-testid=\"search-top-btn\"]').click();\ncy.get('[data-testid=\"ingredient-search-radio\"]').click();\ncy.get('[data-testid=\"search-input\"]').type('lemon');\ncy.get('[data-testid=\"exec-search-btn\"]').click();\ncy.window().its('fetch').should('be.calledWith', 'https://www.thecocktaildb.com/api/json/v1/1/filter.php?i=lemon');",
              "err": {
                "message": "CypressError: `cy.visit()` failed trying to load:\n\nhttp://localhost:3000/drinks\n\nWe attempted to make an http request to this URL but the request failed without a response.\n\nWe received this error at the network level:\n\n  > Error: connect ECONNREFUSED 127.0.0.1:3000\n\nCommon situations why this would fail:\n  - you don't have internet access\n  - you forgot to run / boot your web server\n  - your web server isn't accessible\n  - you have weird network configuration settings on your computer",
                "estack": "CypressError: `cy.visit()` failed trying to load:\n\nhttp://localhost:3000/drinks\n\nWe attempted to make an http request to this URL but the request failed without a response.\n\nWe received this error at the network level:\n\n  > Error: connect ECONNREFUSED 127.0.0.1:3000\n\nCommon situations why this would fail:\n  - you don't have internet access\n  - you forgot to run / boot your web server\n  - your web server isn't accessible\n  - you have weird network configuration settings on your computer\n    at http://localhost:38683/__cypress/runner/cypress_runner.js:159050:82\n    at visitFailedByErr (http://localhost:38683/__cypress/runner/cypress_runner.js:158403:12)\n    at http://localhost:38683/__cypress/runner/cypress_runner.js:159049:11\n    at tryCatcher (http://localhost:38683/__cypress/runner/cypress_runner.js:13196:23)\n    at Promise._settlePromiseFromHandler (http://localhost:38683/__cypress/runner/cypress_runner.js:11131:31)\n    at Promise._settlePromise (http://localhost:38683/__cypress/runner/cypress_runner.js:11188:18)\n    at Promise._settlePromise0 (http://localhost:38683/__cypress/runner/cypress_runner.js:11233:10)\n    at Promise._settlePromises (http://localhost:38683/__cypress/runner/cypress_runner.js:11309:18)\n    at _drainQueueStep (http://localhost:38683/__cypress/runner/cypress_runner.js:7903:12)\n    at _drainQueue (http://localhost:38683/__cypress/runner/cypress_runner.js:7896:9)\n    at Async.../../node_modules/bluebird/js/release/async.js.Async._drainQueues (http://localhost:38683/__cypress/runner/cypress_runner.js:7912:5)\n    at Async.drainQueues (http://localhost:38683/__cypress/runner/cypress_runner.js:7782:14)\nFrom Your Spec Code:\n    at Context.eval (http://localhost:38683/__cypress/tests?p=cypress/integration/13-header_search_bar_spec.js:173:8)\n\nFrom Node.js Internals:\n  Error: connect ECONNREFUSED 127.0.0.1:3000\n      at TCPConnectWrap.afterConnect [as oncomplete] (node:net:1142:16)\n  ",
                "diff": null
              },
              "uuid": "527bf4fd-a2c8-4c5e-9925-1c41d3c02614",
              "parentUUID": "7790c7f7-c395-4a53-a2ea-1a18692a4bc8",
              "isHook": false,
              "skipped": false
            },
            {
              "title": "Na tela de bebidas, se o radio selecionado for Name, a busca na API é feita corretamente pelo nome",
              "fullTitle": "15 - Busque na API de comidas caso a pessoa esteja na página de comidas e na de bebidas caso esteja na de bebidas Na tela de bebidas, se o radio selecionado for Name, a busca na API é feita corretamente pelo nome",
              "timedOut": null,
              "duration": 8766,
              "state": "failed",
              "speed": null,
              "pass": false,
              "fail": true,
              "pending": false,
              "context": null,
              "code": "cy.visit('http://localhost:3000/drinks', {\n  onBeforeLoad(win) {\n    cy.spy(win, 'fetch');\n  }\n});\ncy.get('[data-testid=\"search-top-btn\"]').click();\ncy.get('[data-testid=\"name-search-radio\"]').click();\ncy.get('[data-testid=\"search-input\"]').type('gin');\ncy.get('[data-testid=\"exec-search-btn\"]').click();\ncy.window().its('fetch').should('be.calledWith', 'https://www.thecocktaildb.com/api/json/v1/1/search.php?s=gin');",
              "err": {
                "message": "CypressError: `cy.visit()` failed trying to load:\n\nhttp://localhost:3000/drinks\n\nWe attempted to make an http request to this URL but the request failed without a response.\n\nWe received this error at the network level:\n\n  > Error: socket hang up\n\nCommon situations why this would fail:\n  - you don't have internet access\n  - you forgot to run / boot your web server\n  - your web server isn't accessible\n  - you have weird network configuration settings on your computer",
                "estack": "CypressError: `cy.visit()` failed trying to load:\n\nhttp://localhost:3000/drinks\n\nWe attempted to make an http request to this URL but the request failed without a response.\n\nWe received this error at the network level:\n\n  > Error: socket hang up\n\nCommon situations why this would fail:\n  - you don't have internet access\n  - you forgot to run / boot your web server\n  - your web server isn't accessible\n  - you have weird network configuration settings on your computer\n    at http://localhost:38683/__cypress/runner/cypress_runner.js:159050:82\n    at visitFailedByErr (http://localhost:38683/__cypress/runner/cypress_runner.js:158403:12)\n    at http://localhost:38683/__cypress/runner/cypress_runner.js:159049:11\n    at tryCatcher (http://localhost:38683/__cypress/runner/cypress_runner.js:13196:23)\n    at Promise._settlePromiseFromHandler (http://localhost:38683/__cypress/runner/cypress_runner.js:11131:31)\n    at Promise._settlePromise (http://localhost:38683/__cypress/runner/cypress_runner.js:11188:18)\n    at Promise._settlePromise0 (http://localhost:38683/__cypress/runner/cypress_runner.js:11233:10)\n    at Promise._settlePromises (http://localhost:38683/__cypress/runner/cypress_runner.js:11309:18)\n    at _drainQueueStep (http://localhost:38683/__cypress/runner/cypress_runner.js:7903:12)\n    at _drainQueue (http://localhost:38683/__cypress/runner/cypress_runner.js:7896:9)\n    at Async.../../node_modules/bluebird/js/release/async.js.Async._drainQueues (http://localhost:38683/__cypress/runner/cypress_runner.js:7912:5)\n    at Async.drainQueues (http://localhost:38683/__cypress/runner/cypress_runner.js:7782:14)\nFrom Your Spec Code:\n    at Context.eval (http://localhost:38683/__cypress/tests?p=cypress/integration/13-header_search_bar_spec.js:186:8)\n\nFrom Node.js Internals:\n  Error: socket hang up\n      at connResetException (node:internal/errors:690:14)\n      at Socket.socketOnEnd (node:_http_client:471:23)\n      at Socket.emit (node:events:406:35)\n      at endReadableNT (node:internal/streams/readable:1331:12)\n      at processTicksAndRejections (node:internal/process/task_queues:83:21)\n  ",
                "diff": null
              },
              "uuid": "95f917ce-771b-467b-9a1b-c6f3f7f703ff",
              "parentUUID": "7790c7f7-c395-4a53-a2ea-1a18692a4bc8",
              "isHook": false,
              "skipped": false
            },
            {
              "title": "Na tela de bebidas, se o radio selecionado for First letter, a busca na API é feita corretamente pelo primeira letra",
              "fullTitle": "15 - Busque na API de comidas caso a pessoa esteja na página de comidas e na de bebidas caso esteja na de bebidas Na tela de bebidas, se o radio selecionado for First letter, a busca na API é feita corretamente pelo primeira letra",
              "timedOut": null,
              "duration": 555,
              "state": "failed",
              "speed": null,
              "pass": false,
              "fail": true,
              "pending": false,
              "context": null,
              "code": "cy.visit('http://localhost:3000/drinks', {\n  onBeforeLoad(win) {\n    cy.spy(win, 'fetch');\n  }\n});\ncy.get('[data-testid=\"search-top-btn\"]').click();\ncy.get('[data-testid=\"first-letter-search-radio\"]').click();\ncy.get('[data-testid=\"search-input\"]').type('a');\ncy.get('[data-testid=\"exec-search-btn\"]').click();\ncy.window().its('fetch').should('be.calledWith', 'https://www.thecocktaildb.com/api/json/v1/1/search.php?f=a');",
              "err": {
                "message": "CypressError: `cy.visit()` failed trying to load:\n\nhttp://localhost:3000/drinks\n\nWe attempted to make an http request to this URL but the request failed without a response.\n\nWe received this error at the network level:\n\n  > Error: connect ECONNREFUSED 127.0.0.1:3000\n\nCommon situations why this would fail:\n  - you don't have internet access\n  - you forgot to run / boot your web server\n  - your web server isn't accessible\n  - you have weird network configuration settings on your computer",
                "estack": "CypressError: `cy.visit()` failed trying to load:\n\nhttp://localhost:3000/drinks\n\nWe attempted to make an http request to this URL but the request failed without a response.\n\nWe received this error at the network level:\n\n  > Error: connect ECONNREFUSED 127.0.0.1:3000\n\nCommon situations why this would fail:\n  - you don't have internet access\n  - you forgot to run / boot your web server\n  - your web server isn't accessible\n  - you have weird network configuration settings on your computer\n    at http://localhost:38683/__cypress/runner/cypress_runner.js:159050:82\n    at visitFailedByErr (http://localhost:38683/__cypress/runner/cypress_runner.js:158403:12)\n    at http://localhost:38683/__cypress/runner/cypress_runner.js:159049:11\n    at tryCatcher (http://localhost:38683/__cypress/runner/cypress_runner.js:13196:23)\n    at Promise._settlePromiseFromHandler (http://localhost:38683/__cypress/runner/cypress_runner.js:11131:31)\n    at Promise._settlePromise (http://localhost:38683/__cypress/runner/cypress_runner.js:11188:18)\n    at Promise._settlePromise0 (http://localhost:38683/__cypress/runner/cypress_runner.js:11233:10)\n    at Promise._settlePromises (http://localhost:38683/__cypress/runner/cypress_runner.js:11309:18)\n    at _drainQueueStep (http://localhost:38683/__cypress/runner/cypress_runner.js:7903:12)\n    at _drainQueue (http://localhost:38683/__cypress/runner/cypress_runner.js:7896:9)\n    at Async.../../node_modules/bluebird/js/release/async.js.Async._drainQueues (http://localhost:38683/__cypress/runner/cypress_runner.js:7912:5)\n    at Async.drainQueues (http://localhost:38683/__cypress/runner/cypress_runner.js:7782:14)\nFrom Your Spec Code:\n    at Context.eval (http://localhost:38683/__cypress/tests?p=cypress/integration/13-header_search_bar_spec.js:199:8)\n\nFrom Node.js Internals:\n  Error: connect ECONNREFUSED 127.0.0.1:3000\n      at TCPConnectWrap.afterConnect [as oncomplete] (node:net:1142:16)\n  ",
                "diff": null
              },
              "uuid": "5c5f2d2a-e9a1-490c-8a63-5f756b4ebb9f",
              "parentUUID": "7790c7f7-c395-4a53-a2ea-1a18692a4bc8",
              "isHook": false,
              "skipped": false
            },
            {
              "title": "Na tela de bebidas, se o radio selecionado for First letter e a busca na API for feita com mais de uma letra, deve-se exibir um alert",
              "fullTitle": "15 - Busque na API de comidas caso a pessoa esteja na página de comidas e na de bebidas caso esteja na de bebidas Na tela de bebidas, se o radio selecionado for First letter e a busca na API for feita com mais de uma letra, deve-se exibir um alert",
              "timedOut": null,
              "duration": 561,
              "state": "failed",
              "speed": null,
              "pass": false,
              "fail": true,
              "pending": false,
              "context": null,
              "code": "cy.visit('http://localhost:3000/drinks', {\n  onBeforeLoad(win) {\n    cy.spy(win, 'alert');\n  }\n});\ncy.get('[data-testid=\"search-top-btn\"]').click();\ncy.get('[data-testid=\"first-letter-search-radio\"]').click();\ncy.get('[data-testid=\"search-input\"]').type('aaa');\ncy.get('[data-testid=\"exec-search-btn\"]').click();\ncy.window().its('alert').should('be.calledWith', 'Your search must have only 1 (one) character');",
              "err": {
                "message": "CypressError: `cy.visit()` failed trying to load:\n\nhttp://localhost:3000/drinks\n\nWe attempted to make an http request to this URL but the request failed without a response.\n\nWe received this error at the network level:\n\n  > Error: connect ECONNREFUSED 127.0.0.1:3000\n\nCommon situations why this would fail:\n  - you don't have internet access\n  - you forgot to run / boot your web server\n  - your web server isn't accessible\n  - you have weird network configuration settings on your computer",
                "estack": "CypressError: `cy.visit()` failed trying to load:\n\nhttp://localhost:3000/drinks\n\nWe attempted to make an http request to this URL but the request failed without a response.\n\nWe received this error at the network level:\n\n  > Error: connect ECONNREFUSED 127.0.0.1:3000\n\nCommon situations why this would fail:\n  - you don't have internet access\n  - you forgot to run / boot your web server\n  - your web server isn't accessible\n  - you have weird network configuration settings on your computer\n    at http://localhost:38683/__cypress/runner/cypress_runner.js:159050:82\n    at visitFailedByErr (http://localhost:38683/__cypress/runner/cypress_runner.js:158403:12)\n    at http://localhost:38683/__cypress/runner/cypress_runner.js:159049:11\n    at tryCatcher (http://localhost:38683/__cypress/runner/cypress_runner.js:13196:23)\n    at Promise._settlePromiseFromHandler (http://localhost:38683/__cypress/runner/cypress_runner.js:11131:31)\n    at Promise._settlePromise (http://localhost:38683/__cypress/runner/cypress_runner.js:11188:18)\n    at Promise._settlePromise0 (http://localhost:38683/__cypress/runner/cypress_runner.js:11233:10)\n    at Promise._settlePromises (http://localhost:38683/__cypress/runner/cypress_runner.js:11309:18)\n    at _drainQueueStep (http://localhost:38683/__cypress/runner/cypress_runner.js:7903:12)\n    at _drainQueue (http://localhost:38683/__cypress/runner/cypress_runner.js:7896:9)\n    at Async.../../node_modules/bluebird/js/release/async.js.Async._drainQueues (http://localhost:38683/__cypress/runner/cypress_runner.js:7912:5)\n    at Async.drainQueues (http://localhost:38683/__cypress/runner/cypress_runner.js:7782:14)\nFrom Your Spec Code:\n    at Context.eval (http://localhost:38683/__cypress/tests?p=cypress/integration/13-header_search_bar_spec.js:212:8)\n\nFrom Node.js Internals:\n  Error: connect ECONNREFUSED 127.0.0.1:3000\n      at TCPConnectWrap.afterConnect [as oncomplete] (node:net:1142:16)\n  ",
                "diff": null
              },
              "uuid": "7258f957-3ea6-409a-b68b-f8392d9bf86a",
              "parentUUID": "7790c7f7-c395-4a53-a2ea-1a18692a4bc8",
              "isHook": false,
              "skipped": false
            }
          ],
          "suites": [],
          "passes": [],
          "failures": [
            "527bf4fd-a2c8-4c5e-9925-1c41d3c02614",
            "95f917ce-771b-467b-9a1b-c6f3f7f703ff",
            "5c5f2d2a-e9a1-490c-8a63-5f756b4ebb9f",
            "7258f957-3ea6-409a-b68b-f8392d9bf86a"
          ],
          "pending": [],
          "skipped": [],
          "duration": 10449,
          "root": false,
          "rootEmpty": false,
          "_timeout": 2000
        },
        {
          "uuid": "db30c85e-1bde-431d-ae76-1d3d01369161",
          "title": "16 - Redirecione para a tela de detalhes da receita caso apenas uma receita seja encontrada, com o ID da mesma na URL",
          "fullFile": "",
          "file": "",
          "beforeHooks": [],
          "afterHooks": [],
          "tests": [
            {
              "title": "Caso apenas uma comida seja encontrada, deve-se ir para sua rota de detalhes",
              "fullTitle": "16 - Redirecione para a tela de detalhes da receita caso apenas uma receita seja encontrada, com o ID da mesma na URL Caso apenas uma comida seja encontrada, deve-se ir para sua rota de detalhes",
              "timedOut": null,
              "duration": 562,
              "state": "failed",
              "speed": null,
              "pass": false,
              "fail": true,
              "pending": false,
              "context": null,
              "code": "cy.visit('http://localhost:3000/foods', {\n  onBeforeLoad(win) {\n    win.fetch = fetchMock;\n  }\n});\ncy.get('[data-testid=\"search-top-btn\"]').click();\ncy.get('[data-testid=\"name-search-radio\"]').click();\ncy.get('[data-testid=\"search-input\"]').type('Arrabiata');\ncy.get('[data-testid=\"exec-search-btn\"]').click();\ncy.location().should(loc => expect(loc.pathname).to.eq('/foods/52771'));",
              "err": {
                "message": "CypressError: `cy.visit()` failed trying to load:\n\nhttp://localhost:3000/foods\n\nWe attempted to make an http request to this URL but the request failed without a response.\n\nWe received this error at the network level:\n\n  > Error: connect ECONNREFUSED 127.0.0.1:3000\n\nCommon situations why this would fail:\n  - you don't have internet access\n  - you forgot to run / boot your web server\n  - your web server isn't accessible\n  - you have weird network configuration settings on your computer",
                "estack": "CypressError: `cy.visit()` failed trying to load:\n\nhttp://localhost:3000/foods\n\nWe attempted to make an http request to this URL but the request failed without a response.\n\nWe received this error at the network level:\n\n  > Error: connect ECONNREFUSED 127.0.0.1:3000\n\nCommon situations why this would fail:\n  - you don't have internet access\n  - you forgot to run / boot your web server\n  - your web server isn't accessible\n  - you have weird network configuration settings on your computer\n    at http://localhost:38683/__cypress/runner/cypress_runner.js:159050:82\n    at visitFailedByErr (http://localhost:38683/__cypress/runner/cypress_runner.js:158403:12)\n    at http://localhost:38683/__cypress/runner/cypress_runner.js:159049:11\n    at tryCatcher (http://localhost:38683/__cypress/runner/cypress_runner.js:13196:23)\n    at Promise._settlePromiseFromHandler (http://localhost:38683/__cypress/runner/cypress_runner.js:11131:31)\n    at Promise._settlePromise (http://localhost:38683/__cypress/runner/cypress_runner.js:11188:18)\n    at Promise._settlePromise0 (http://localhost:38683/__cypress/runner/cypress_runner.js:11233:10)\n    at Promise._settlePromises (http://localhost:38683/__cypress/runner/cypress_runner.js:11309:18)\n    at _drainQueueStep (http://localhost:38683/__cypress/runner/cypress_runner.js:7903:12)\n    at _drainQueue (http://localhost:38683/__cypress/runner/cypress_runner.js:7896:9)\n    at Async.../../node_modules/bluebird/js/release/async.js.Async._drainQueues (http://localhost:38683/__cypress/runner/cypress_runner.js:7912:5)\n    at Async.drainQueues (http://localhost:38683/__cypress/runner/cypress_runner.js:7782:14)\nFrom Your Spec Code:\n    at Context.eval (http://localhost:38683/__cypress/tests?p=cypress/integration/13-header_search_bar_spec.js:227:8)\n\nFrom Node.js Internals:\n  Error: connect ECONNREFUSED 127.0.0.1:3000\n      at TCPConnectWrap.afterConnect [as oncomplete] (node:net:1142:16)\n  ",
                "diff": null
              },
              "uuid": "862e96bc-a68f-4ac7-b55c-d82e71fe81db",
              "parentUUID": "db30c85e-1bde-431d-ae76-1d3d01369161",
              "isHook": false,
              "skipped": false
            },
            {
              "title": "Caso apenas uma bebida seja encontrada, deve-se ir para sua rota de detalhes",
              "fullTitle": "16 - Redirecione para a tela de detalhes da receita caso apenas uma receita seja encontrada, com o ID da mesma na URL Caso apenas uma bebida seja encontrada, deve-se ir para sua rota de detalhes",
              "timedOut": null,
              "duration": 552,
              "state": "failed",
              "speed": null,
              "pass": false,
              "fail": true,
              "pending": false,
              "context": null,
              "code": "cy.visit('http://localhost:3000/drinks', {\n  onBeforeLoad(win) {\n    win.fetch = fetchMock;\n  }\n});\ncy.get('[data-testid=\"search-top-btn\"]').click();\ncy.get('[data-testid=\"name-search-radio\"]').click();\ncy.get('[data-testid=\"search-input\"]').type('Aquamarine');\ncy.get('[data-testid=\"exec-search-btn\"]').click();\ncy.location().should(loc => expect(loc.pathname).to.eq('/drinks/178319'));",
              "err": {
                "message": "CypressError: `cy.visit()` failed trying to load:\n\nhttp://localhost:3000/drinks\n\nWe attempted to make an http request to this URL but the request failed without a response.\n\nWe received this error at the network level:\n\n  > Error: connect ECONNREFUSED 127.0.0.1:3000\n\nCommon situations why this would fail:\n  - you don't have internet access\n  - you forgot to run / boot your web server\n  - your web server isn't accessible\n  - you have weird network configuration settings on your computer",
                "estack": "CypressError: `cy.visit()` failed trying to load:\n\nhttp://localhost:3000/drinks\n\nWe attempted to make an http request to this URL but the request failed without a response.\n\nWe received this error at the network level:\n\n  > Error: connect ECONNREFUSED 127.0.0.1:3000\n\nCommon situations why this would fail:\n  - you don't have internet access\n  - you forgot to run / boot your web server\n  - your web server isn't accessible\n  - you have weird network configuration settings on your computer\n    at http://localhost:38683/__cypress/runner/cypress_runner.js:159050:82\n    at visitFailedByErr (http://localhost:38683/__cypress/runner/cypress_runner.js:158403:12)\n    at http://localhost:38683/__cypress/runner/cypress_runner.js:159049:11\n    at tryCatcher (http://localhost:38683/__cypress/runner/cypress_runner.js:13196:23)\n    at Promise._settlePromiseFromHandler (http://localhost:38683/__cypress/runner/cypress_runner.js:11131:31)\n    at Promise._settlePromise (http://localhost:38683/__cypress/runner/cypress_runner.js:11188:18)\n    at Promise._settlePromise0 (http://localhost:38683/__cypress/runner/cypress_runner.js:11233:10)\n    at Promise._settlePromises (http://localhost:38683/__cypress/runner/cypress_runner.js:11309:18)\n    at _drainQueueStep (http://localhost:38683/__cypress/runner/cypress_runner.js:7903:12)\n    at _drainQueue (http://localhost:38683/__cypress/runner/cypress_runner.js:7896:9)\n    at Async.../../node_modules/bluebird/js/release/async.js.Async._drainQueues (http://localhost:38683/__cypress/runner/cypress_runner.js:7912:5)\n    at Async.drainQueues (http://localhost:38683/__cypress/runner/cypress_runner.js:7782:14)\nFrom Your Spec Code:\n    at Context.eval (http://localhost:38683/__cypress/tests?p=cypress/integration/13-header_search_bar_spec.js:240:8)\n\nFrom Node.js Internals:\n  Error: connect ECONNREFUSED 127.0.0.1:3000\n      at TCPConnectWrap.afterConnect [as oncomplete] (node:net:1142:16)\n  ",
                "diff": null
              },
              "uuid": "feee9460-015c-4e85-b038-88a6c9b18c1b",
              "parentUUID": "db30c85e-1bde-431d-ae76-1d3d01369161",
              "isHook": false,
              "skipped": false
            }
          ],
          "suites": [],
          "passes": [],
          "failures": [
            "862e96bc-a68f-4ac7-b55c-d82e71fe81db",
            "feee9460-015c-4e85-b038-88a6c9b18c1b"
          ],
          "pending": [],
          "skipped": [],
          "duration": 1114,
          "root": false,
          "rootEmpty": false,
          "_timeout": 2000
        },
        {
          "uuid": "98e57675-f048-4bce-879d-93ac6fa99b73",
          "title": "17 - Mostre as receitas em cards caso mais de uma receita seja encontrada",
          "fullFile": "",
          "file": "",
          "beforeHooks": [],
          "afterHooks": [],
          "tests": [
            {
              "title": "Caso mais de uma comida seja encontrada, mostrar as 12 primeiras",
              "fullTitle": "17 - Mostre as receitas em cards caso mais de uma receita seja encontrada Caso mais de uma comida seja encontrada, mostrar as 12 primeiras",
              "timedOut": null,
              "duration": 572,
              "state": "failed",
              "speed": null,
              "pass": false,
              "fail": true,
              "pending": false,
              "context": null,
              "code": "cy.visit('http://localhost:3000/foods', {\n  onBeforeLoad(win) {\n    win.fetch = fetchMock;\n  }\n});\ncy.get('[data-testid=\"search-top-btn\"]').click();\ncy.get('[data-testid=\"name-search-radio\"]').click();\ncy.get('[data-testid=\"search-input\"]').type('soup');\ncy.get('[data-testid=\"exec-search-btn\"]').click();\nsoupMeals.meals.forEach((meal, index) => {\n  cy.get(`[data-testid=\"${index}-recipe-card\"]`);\n  cy.get(`[data-testid=\"${index}-card-img\"]`).should('have.attr', 'src').should('include', meal['strMealThumb']);\n  cy.get(`[data-testid=\"${index}-card-name\"]`).contains(meal['strMeal']);\n});\ncy.get('[data-testid=\"10-recipe-card\"]').should('not.exist');\ncy.get('[data-testid=\"10-card-img\"]').should('not.exist');\ncy.get('[data-testid=\"10-card-name\"]').should('not.exist');",
              "err": {
                "message": "CypressError: `cy.visit()` failed trying to load:\n\nhttp://localhost:3000/foods\n\nWe attempted to make an http request to this URL but the request failed without a response.\n\nWe received this error at the network level:\n\n  > Error: connect ECONNREFUSED 127.0.0.1:3000\n\nCommon situations why this would fail:\n  - you don't have internet access\n  - you forgot to run / boot your web server\n  - your web server isn't accessible\n  - you have weird network configuration settings on your computer",
                "estack": "CypressError: `cy.visit()` failed trying to load:\n\nhttp://localhost:3000/foods\n\nWe attempted to make an http request to this URL but the request failed without a response.\n\nWe received this error at the network level:\n\n  > Error: connect ECONNREFUSED 127.0.0.1:3000\n\nCommon situations why this would fail:\n  - you don't have internet access\n  - you forgot to run / boot your web server\n  - your web server isn't accessible\n  - you have weird network configuration settings on your computer\n    at http://localhost:38683/__cypress/runner/cypress_runner.js:159050:82\n    at visitFailedByErr (http://localhost:38683/__cypress/runner/cypress_runner.js:158403:12)\n    at http://localhost:38683/__cypress/runner/cypress_runner.js:159049:11\n    at tryCatcher (http://localhost:38683/__cypress/runner/cypress_runner.js:13196:23)\n    at Promise._settlePromiseFromHandler (http://localhost:38683/__cypress/runner/cypress_runner.js:11131:31)\n    at Promise._settlePromise (http://localhost:38683/__cypress/runner/cypress_runner.js:11188:18)\n    at Promise._settlePromise0 (http://localhost:38683/__cypress/runner/cypress_runner.js:11233:10)\n    at Promise._settlePromises (http://localhost:38683/__cypress/runner/cypress_runner.js:11309:18)\n    at _drainQueueStep (http://localhost:38683/__cypress/runner/cypress_runner.js:7903:12)\n    at _drainQueue (http://localhost:38683/__cypress/runner/cypress_runner.js:7896:9)\n    at Async.../../node_modules/bluebird/js/release/async.js.Async._drainQueues (http://localhost:38683/__cypress/runner/cypress_runner.js:7912:5)\n    at Async.drainQueues (http://localhost:38683/__cypress/runner/cypress_runner.js:7782:14)\nFrom Your Spec Code:\n    at Context.eval (http://localhost:38683/__cypress/tests?p=cypress/integration/13-header_search_bar_spec.js:255:8)\n\nFrom Node.js Internals:\n  Error: connect ECONNREFUSED 127.0.0.1:3000\n      at TCPConnectWrap.afterConnect [as oncomplete] (node:net:1142:16)\n  ",
                "diff": null
              },
              "uuid": "22e36daf-7700-40f5-a3b7-4c1123564152",
              "parentUUID": "98e57675-f048-4bce-879d-93ac6fa99b73",
              "isHook": false,
              "skipped": false
            },
            {
              "title": "Caso mais de uma bebida seja encontrada, mostrar as 12 primeiras",
              "fullTitle": "17 - Mostre as receitas em cards caso mais de uma receita seja encontrada Caso mais de uma bebida seja encontrada, mostrar as 12 primeiras",
              "timedOut": null,
              "duration": 593,
              "state": "failed",
              "speed": null,
              "pass": false,
              "fail": true,
              "pending": false,
              "context": null,
              "code": "cy.visit('http://localhost:3000/drinks', {\n  onBeforeLoad(win) {\n    win.fetch = fetchMock;\n  }\n});\ncy.get('[data-testid=\"search-top-btn\"]').click();\ncy.get('[data-testid=\"name-search-radio\"]').click();\ncy.get('[data-testid=\"search-input\"]').type('gin');\ncy.get('[data-testid=\"exec-search-btn\"]').click();\nginDrinks.drinks.slice(0, 12).forEach((drink, index) => {\n  cy.get(`[data-testid=\"${index}-recipe-card\"]`);\n  cy.get(`[data-testid=\"${index}-card-img\"]`).should('have.attr', 'src').should('include', drink['strDrinkThumb']);\n  cy.get(`[data-testid=\"${index}-card-name\"]`).contains(drink['strDrink']);\n});\ncy.get('[data-testid=\"12-recipe-card\"]').should('not.exist');\ncy.get('[data-testid=\"12-card-img\"]').should('not.exist');\ncy.get('[data-testid=\"12-card-name\"]').should('not.exist');",
              "err": {
                "message": "CypressError: `cy.visit()` failed trying to load:\n\nhttp://localhost:3000/drinks\n\nWe attempted to make an http request to this URL but the request failed without a response.\n\nWe received this error at the network level:\n\n  > Error: connect ECONNREFUSED 127.0.0.1:3000\n\nCommon situations why this would fail:\n  - you don't have internet access\n  - you forgot to run / boot your web server\n  - your web server isn't accessible\n  - you have weird network configuration settings on your computer",
                "estack": "CypressError: `cy.visit()` failed trying to load:\n\nhttp://localhost:3000/drinks\n\nWe attempted to make an http request to this URL but the request failed without a response.\n\nWe received this error at the network level:\n\n  > Error: connect ECONNREFUSED 127.0.0.1:3000\n\nCommon situations why this would fail:\n  - you don't have internet access\n  - you forgot to run / boot your web server\n  - your web server isn't accessible\n  - you have weird network configuration settings on your computer\n    at http://localhost:38683/__cypress/runner/cypress_runner.js:159050:82\n    at visitFailedByErr (http://localhost:38683/__cypress/runner/cypress_runner.js:158403:12)\n    at http://localhost:38683/__cypress/runner/cypress_runner.js:159049:11\n    at tryCatcher (http://localhost:38683/__cypress/runner/cypress_runner.js:13196:23)\n    at Promise._settlePromiseFromHandler (http://localhost:38683/__cypress/runner/cypress_runner.js:11131:31)\n    at Promise._settlePromise (http://localhost:38683/__cypress/runner/cypress_runner.js:11188:18)\n    at Promise._settlePromise0 (http://localhost:38683/__cypress/runner/cypress_runner.js:11233:10)\n    at Promise._settlePromises (http://localhost:38683/__cypress/runner/cypress_runner.js:11309:18)\n    at _drainQueueStep (http://localhost:38683/__cypress/runner/cypress_runner.js:7903:12)\n    at _drainQueue (http://localhost:38683/__cypress/runner/cypress_runner.js:7896:9)\n    at Async.../../node_modules/bluebird/js/release/async.js.Async._drainQueues (http://localhost:38683/__cypress/runner/cypress_runner.js:7912:5)\n    at Async.drainQueues (http://localhost:38683/__cypress/runner/cypress_runner.js:7782:14)\nFrom Your Spec Code:\n    at Context.eval (http://localhost:38683/__cypress/tests?p=cypress/integration/13-header_search_bar_spec.js:275:8)\n\nFrom Node.js Internals:\n  Error: connect ECONNREFUSED 127.0.0.1:3000\n      at TCPConnectWrap.afterConnect [as oncomplete] (node:net:1142:16)\n  ",
                "diff": null
              },
              "uuid": "373ae895-4e91-4e02-89c3-df5ed618fd7c",
              "parentUUID": "98e57675-f048-4bce-879d-93ac6fa99b73",
              "isHook": false,
              "skipped": false
            }
          ],
          "suites": [],
          "passes": [],
          "failures": [
            "22e36daf-7700-40f5-a3b7-4c1123564152",
            "373ae895-4e91-4e02-89c3-df5ed618fd7c"
          ],
          "pending": [],
          "skipped": [],
          "duration": 1165,
          "root": false,
          "rootEmpty": false,
          "_timeout": 2000
        },
        {
          "uuid": "3de81b61-c6c6-4a4e-93eb-a69cbe5ee9d0",
          "title": "18 - Exiba um `alert` caso nenhuma receita seja encontrada",
          "fullFile": "",
          "file": "",
          "beforeHooks": [],
          "afterHooks": [],
          "tests": [
            {
              "title": "Caso nenhuma comida seja encontrada o alert deve ser exibido",
              "fullTitle": "18 - Exiba um `alert` caso nenhuma receita seja encontrada Caso nenhuma comida seja encontrada o alert deve ser exibido",
              "timedOut": null,
              "duration": 590,
              "state": "failed",
              "speed": null,
              "pass": false,
              "fail": true,
              "pending": false,
              "context": null,
              "code": "cy.visit('http://localhost:3000/foods', {\n  onBeforeLoad(win) {\n    win.fetch = fetchMock;\n    cy.spy(win, 'alert');\n  }\n});\ncy.get('[data-testid=\"search-top-btn\"]').click();\ncy.get('[data-testid=\"name-search-radio\"]').click();\ncy.get('[data-testid=\"search-input\"]').type('xablau');\ncy.get('[data-testid=\"exec-search-btn\"]').click();\ncy.window().its('alert').should('be.calledWith', 'Sorry, we haven\\'t found any recipes for these filters.');",
              "err": {
                "message": "CypressError: `cy.visit()` failed trying to load:\n\nhttp://localhost:3000/foods\n\nWe attempted to make an http request to this URL but the request failed without a response.\n\nWe received this error at the network level:\n\n  > Error: connect ECONNREFUSED 127.0.0.1:3000\n\nCommon situations why this would fail:\n  - you don't have internet access\n  - you forgot to run / boot your web server\n  - your web server isn't accessible\n  - you have weird network configuration settings on your computer",
                "estack": "CypressError: `cy.visit()` failed trying to load:\n\nhttp://localhost:3000/foods\n\nWe attempted to make an http request to this URL but the request failed without a response.\n\nWe received this error at the network level:\n\n  > Error: connect ECONNREFUSED 127.0.0.1:3000\n\nCommon situations why this would fail:\n  - you don't have internet access\n  - you forgot to run / boot your web server\n  - your web server isn't accessible\n  - you have weird network configuration settings on your computer\n    at http://localhost:38683/__cypress/runner/cypress_runner.js:159050:82\n    at visitFailedByErr (http://localhost:38683/__cypress/runner/cypress_runner.js:158403:12)\n    at http://localhost:38683/__cypress/runner/cypress_runner.js:159049:11\n    at tryCatcher (http://localhost:38683/__cypress/runner/cypress_runner.js:13196:23)\n    at Promise._settlePromiseFromHandler (http://localhost:38683/__cypress/runner/cypress_runner.js:11131:31)\n    at Promise._settlePromise (http://localhost:38683/__cypress/runner/cypress_runner.js:11188:18)\n    at Promise._settlePromise0 (http://localhost:38683/__cypress/runner/cypress_runner.js:11233:10)\n    at Promise._settlePromises (http://localhost:38683/__cypress/runner/cypress_runner.js:11309:18)\n    at _drainQueueStep (http://localhost:38683/__cypress/runner/cypress_runner.js:7903:12)\n    at _drainQueue (http://localhost:38683/__cypress/runner/cypress_runner.js:7896:9)\n    at Async.../../node_modules/bluebird/js/release/async.js.Async._drainQueues (http://localhost:38683/__cypress/runner/cypress_runner.js:7912:5)\n    at Async.drainQueues (http://localhost:38683/__cypress/runner/cypress_runner.js:7782:14)\nFrom Your Spec Code:\n    at Context.eval (http://localhost:38683/__cypress/tests?p=cypress/integration/13-header_search_bar_spec.js:297:8)\n\nFrom Node.js Internals:\n  Error: connect ECONNREFUSED 127.0.0.1:3000\n      at TCPConnectWrap.afterConnect [as oncomplete] (node:net:1142:16)\n  ",
                "diff": null
              },
              "uuid": "e57c64a8-7142-48f9-88e5-bd44a0e48da1",
              "parentUUID": "3de81b61-c6c6-4a4e-93eb-a69cbe5ee9d0",
              "isHook": false,
              "skipped": false
            },
            {
              "title": "Caso nenhuma bebida seja encontrada o alert deve ser exibido",
              "fullTitle": "18 - Exiba um `alert` caso nenhuma receita seja encontrada Caso nenhuma bebida seja encontrada o alert deve ser exibido",
              "timedOut": null,
              "duration": 626,
              "state": "failed",
              "speed": null,
              "pass": false,
              "fail": true,
              "pending": false,
              "context": null,
              "code": "cy.visit('http://localhost:3000/drinks', {\n  onBeforeLoad(win) {\n    win.fetch = fetchMock;\n    cy.spy(win, 'alert');\n  }\n});\ncy.get('[data-testid=\"search-top-btn\"]').click();\ncy.get('[data-testid=\"name-search-radio\"]').click();\ncy.get('[data-testid=\"search-input\"]').type('xablau');\ncy.get('[data-testid=\"exec-search-btn\"]').click();\ncy.window().its('alert').should('be.calledWith', 'Sorry, we haven\\'t found any recipes for these filters.');",
              "err": {
                "message": "CypressError: `cy.visit()` failed trying to load:\n\nhttp://localhost:3000/drinks\n\nWe attempted to make an http request to this URL but the request failed without a response.\n\nWe received this error at the network level:\n\n  > Error: connect ECONNREFUSED 127.0.0.1:3000\n\nCommon situations why this would fail:\n  - you don't have internet access\n  - you forgot to run / boot your web server\n  - your web server isn't accessible\n  - you have weird network configuration settings on your computer",
                "estack": "CypressError: `cy.visit()` failed trying to load:\n\nhttp://localhost:3000/drinks\n\nWe attempted to make an http request to this URL but the request failed without a response.\n\nWe received this error at the network level:\n\n  > Error: connect ECONNREFUSED 127.0.0.1:3000\n\nCommon situations why this would fail:\n  - you don't have internet access\n  - you forgot to run / boot your web server\n  - your web server isn't accessible\n  - you have weird network configuration settings on your computer\n    at http://localhost:38683/__cypress/runner/cypress_runner.js:159050:82\n    at visitFailedByErr (http://localhost:38683/__cypress/runner/cypress_runner.js:158403:12)\n    at http://localhost:38683/__cypress/runner/cypress_runner.js:159049:11\n    at tryCatcher (http://localhost:38683/__cypress/runner/cypress_runner.js:13196:23)\n    at Promise._settlePromiseFromHandler (http://localhost:38683/__cypress/runner/cypress_runner.js:11131:31)\n    at Promise._settlePromise (http://localhost:38683/__cypress/runner/cypress_runner.js:11188:18)\n    at Promise._settlePromise0 (http://localhost:38683/__cypress/runner/cypress_runner.js:11233:10)\n    at Promise._settlePromises (http://localhost:38683/__cypress/runner/cypress_runner.js:11309:18)\n    at _drainQueueStep (http://localhost:38683/__cypress/runner/cypress_runner.js:7903:12)\n    at _drainQueue (http://localhost:38683/__cypress/runner/cypress_runner.js:7896:9)\n    at Async.../../node_modules/bluebird/js/release/async.js.Async._drainQueues (http://localhost:38683/__cypress/runner/cypress_runner.js:7912:5)\n    at Async.drainQueues (http://localhost:38683/__cypress/runner/cypress_runner.js:7782:14)\nFrom Your Spec Code:\n    at Context.eval (http://localhost:38683/__cypress/tests?p=cypress/integration/13-header_search_bar_spec.js:311:8)\n\nFrom Node.js Internals:\n  Error: connect ECONNREFUSED 127.0.0.1:3000\n      at TCPConnectWrap.afterConnect [as oncomplete] (node:net:1142:16)\n  ",
                "diff": null
              },
              "uuid": "85fc2356-b141-4204-a056-31b3db989a70",
              "parentUUID": "3de81b61-c6c6-4a4e-93eb-a69cbe5ee9d0",
              "isHook": false,
              "skipped": false
            }
          ],
          "suites": [],
          "passes": [],
          "failures": [
            "e57c64a8-7142-48f9-88e5-bd44a0e48da1",
            "85fc2356-b141-4204-a056-31b3db989a70"
          ],
          "pending": [],
          "skipped": [],
          "duration": 1216,
          "root": false,
          "rootEmpty": false,
          "_timeout": 2000
        }
      ],
      "passes": [],
      "failures": [],
      "pending": [],
      "skipped": [],
      "duration": 0,
      "root": true,
      "rootEmpty": true,
      "_timeout": 2000
    }
  ],
  "meta": {
    "mocha": {
      "version": "7.0.1"
    },
    "mochawesome": {
      "options": {
        "quiet": false,
        "reportFilename": "mochawesome",
        "saveHtml": false,
        "saveJson": true,
        "consoleReporter": "spec",
        "useInlineDiffs": false,
        "code": true
      },
      "version": "6.3.1"
    },
    "marge": {
      "options": {
        "id": "default",
        "reportDir": "cypress/reports",
        "overwrite": false,
        "html": false,
        "json": true
      },
      "version": "5.2.0"
    }
  }
}