{"total": {"lines":{"total":403,"covered":128,"skipped":0,"pct":31.76},"statements":{"total":427,"covered":128,"skipped":0,"pct":29.97},"functions":{"total":120,"covered":35,"skipped":0,"pct":29.16},"branches":{"total":123,"covered":10,"skipped":0,"pct":8.13},"branchesTrue":{"total":0,"covered":0,"skipped":0,"pct":100}}
,"/home/gabriel/projetos/sd-017-project-recipes-app/src/App.js": {"lines":{"total":1,"covered":1,"skipped":0,"pct":100},"functions":{"total":1,"covered":1,"skipped":0,"pct":100},"statements":{"total":1,"covered":1,"skipped":0,"pct":100},"branches":{"total":0,"covered":0,"skipped":0,"pct":100}}
,"/home/gabriel/projetos/sd-017-project-recipes-app/src/components/Card.jsx": {"lines":{"total":9,"covered":1,"skipped":0,"pct":11.11},"functions":{"total":2,"covered":0,"skipped":0,"pct":0},"statements":{"total":11,"covered":1,"skipped":0,"pct":9.09},"branches":{"total":7,"covered":0,"skipped":0,"pct":0}}
,"/home/gabriel/projetos/sd-017-project-recipes-app/src/components/CategoryButtons.jsx": {"lines":{"total":13,"covered":1,"skipped":0,"pct":7.69},"functions":{"total":3,"covered":0,"skipped":0,"pct":0},"statements":{"total":15,"covered":1,"skipped":0,"pct":6.66},"branches":{"total":6,"covered":0,"skipped":0,"pct":0}}
,"/home/gabriel/projetos/sd-017-project-recipes-app/src/components/Footer.jsx": {"lines":{"total":1,"covered":1,"skipped":0,"pct":100},"functions":{"total":1,"covered":1,"skipped":0,"pct":100},"statements":{"total":1,"covered":1,"skipped":0,"pct":100},"branches":{"total":0,"covered":0,"skipped":0,"pct":100}}
,"/home/gabriel/projetos/sd-017-project-recipes-app/src/components/Header.jsx": {"lines":{"total":7,"covered":4,"skipped":0,"pct":57.14},"functions":{"total":2,"covered":1,"skipped":0,"pct":50},"statements":{"total":7,"covered":4,"skipped":0,"pct":57.14},"branches":{"total":6,"covered":3,"skipped":0,"pct":50}}
,"/home/gabriel/projetos/sd-017-project-recipes-app/src/components/Routes.jsx": {"lines":{"total":2,"covered":2,"skipped":0,"pct":100},"functions":{"total":1,"covered":1,"skipped":0,"pct":100},"statements":{"total":2,"covered":2,"skipped":0,"pct":100},"branches":{"total":0,"covered":0,"skipped":0,"pct":100}}
,"/home/gabriel/projetos/sd-017-project-recipes-app/src/components/SearchBar.jsx": {"lines":{"total":27,"covered":1,"skipped":0,"pct":3.7},"functions":{"total":8,"covered":1,"skipped":0,"pct":12.5},"statements":{"total":28,"covered":1,"skipped":0,"pct":3.57},"branches":{"total":16,"covered":0,"skipped":0,"pct":0}}
,"/home/gabriel/projetos/sd-017-project-recipes-app/src/components/SugestCard.jsx": {"lines":{"total":5,"covered":1,"skipped":0,"pct":20},"functions":{"total":1,"covered":0,"skipped":0,"pct":0},"statements":{"total":5,"covered":1,"skipped":0,"pct":20},"branches":{"total":4,"covered":0,"skipped":0,"pct":0}}
,"/home/gabriel/projetos/sd-017-project-recipes-app/src/context/Provider.js": {"lines":{"total":14,"covered":14,"skipped":0,"pct":100},"functions":{"total":2,"covered":2,"skipped":0,"pct":100},"statements":{"total":14,"covered":14,"skipped":0,"pct":100},"branches":{"total":0,"covered":0,"skipped":0,"pct":100}}
,"/home/gabriel/projetos/sd-017-project-recipes-app/src/context/context.js": {"lines":{"total":1,"covered":1,"skipped":0,"pct":100},"functions":{"total":0,"covered":0,"skipped":0,"pct":100},"statements":{"total":1,"covered":1,"skipped":0,"pct":100},"branches":{"total":0,"covered":0,"skipped":0,"pct":100}}
,"/home/gabriel/projetos/sd-017-project-recipes-app/src/helpers/callFetchCategory.js": {"lines":{"total":5,"covered":2,"skipped":0,"pct":40},"functions":{"total":3,"covered":1,"skipped":0,"pct":33.33},"statements":{"total":7,"covered":2,"skipped":0,"pct":28.57},"branches":{"total":0,"covered":0,"skipped":0,"pct":100}}
,"/home/gabriel/projetos/sd-017-project-recipes-app/src/helpers/callFetchInicialData.js": {"lines":{"total":5,"covered":2,"skipped":0,"pct":40},"functions":{"total":3,"covered":1,"skipped":0,"pct":33.33},"statements":{"total":7,"covered":2,"skipped":0,"pct":28.57},"branches":{"total":0,"covered":0,"skipped":0,"pct":100}}
,"/home/gabriel/projetos/sd-017-project-recipes-app/src/helpers/callFetchRandomRecipe.js": {"lines":{"total":5,"covered":2,"skipped":0,"pct":40},"functions":{"total":1,"covered":1,"skipped":0,"pct":100},"statements":{"total":5,"covered":2,"skipped":0,"pct":40},"branches":{"total":0,"covered":0,"skipped":0,"pct":100}}
,"/home/gabriel/projetos/sd-017-project-recipes-app/src/helpers/categoryFilter.js": {"lines":{"total":14,"covered":2,"skipped":0,"pct":14.28},"functions":{"total":6,"covered":0,"skipped":0,"pct":0},"statements":{"total":18,"covered":2,"skipped":0,"pct":11.11},"branches":{"total":4,"covered":0,"skipped":0,"pct":0}}
,"/home/gabriel/projetos/sd-017-project-recipes-app/src/helpers/constants.js": {"lines":{"total":8,"covered":8,"skipped":0,"pct":100},"functions":{"total":0,"covered":0,"skipped":0,"pct":100},"statements":{"total":8,"covered":8,"skipped":0,"pct":100},"branches":{"total":0,"covered":0,"skipped":0,"pct":100}}
,"/home/gabriel/projetos/sd-017-project-recipes-app/src/helpers/getDrinkIngrMeasure.js": {"lines":{"total":10,"covered":1,"skipped":0,"pct":10},"functions":{"total":7,"covered":0,"skipped":0,"pct":0},"statements":{"total":14,"covered":1,"skipped":0,"pct":7.14},"branches":{"total":4,"covered":0,"skipped":0,"pct":0}}
,"/home/gabriel/projetos/sd-017-project-recipes-app/src/helpers/getFoodIngrMeasure.js": {"lines":{"total":11,"covered":4,"skipped":0,"pct":36.36},"functions":{"total":3,"covered":0,"skipped":0,"pct":0},"statements":{"total":11,"covered":4,"skipped":0,"pct":36.36},"branches":{"total":4,"covered":0,"skipped":0,"pct":0}}
,"/home/gabriel/projetos/sd-017-project-recipes-app/src/helpers/renderWithRouter.js": {"lines":{"total":3,"covered":3,"skipped":0,"pct":100},"functions":{"total":1,"covered":1,"skipped":0,"pct":100},"statements":{"total":3,"covered":3,"skipped":0,"pct":100},"branches":{"total":0,"covered":0,"skipped":0,"pct":100}}
,"/home/gabriel/projetos/sd-017-project-recipes-app/src/helpers/setFavorite.js": {"lines":{"total":28,"covered":3,"skipped":0,"pct":10.71},"functions":{"total":6,"covered":0,"skipped":0,"pct":0},"statements":{"total":29,"covered":3,"skipped":0,"pct":10.34},"branches":{"total":14,"covered":0,"skipped":0,"pct":0}}
,"/home/gabriel/projetos/sd-017-project-recipes-app/src/helpers/testsConstants.js": {"lines":{"total":5,"covered":5,"skipped":0,"pct":100},"functions":{"total":0,"covered":0,"skipped":0,"pct":100},"statements":{"total":5,"covered":5,"skipped":0,"pct":100},"branches":{"total":0,"covered":0,"skipped":0,"pct":100}}
,"/home/gabriel/projetos/sd-017-project-recipes-app/src/helpers/verifyRecipe.js": {"lines":{"total":14,"covered":1,"skipped":0,"pct":7.14},"functions":{"total":3,"covered":0,"skipped":0,"pct":0},"statements":{"total":16,"covered":1,"skipped":0,"pct":6.25},"branches":{"total":10,"covered":0,"skipped":0,"pct":0}}
,"/home/gabriel/projetos/sd-017-project-recipes-app/src/pages/DoneRecipe.jsx": {"lines":{"total":1,"covered":1,"skipped":0,"pct":100},"functions":{"total":1,"covered":1,"skipped":0,"pct":100},"statements":{"total":1,"covered":1,"skipped":0,"pct":100},"branches":{"total":0,"covered":0,"skipped":0,"pct":100}}
,"/home/gabriel/projetos/sd-017-project-recipes-app/src/pages/DrinkProgress.jsx": {"lines":{"total":1,"covered":1,"skipped":0,"pct":100},"functions":{"total":1,"covered":1,"skipped":0,"pct":100},"statements":{"total":1,"covered":1,"skipped":0,"pct":100},"branches":{"total":0,"covered":0,"skipped":0,"pct":100}}
,"/home/gabriel/projetos/sd-017-project-recipes-app/src/pages/DrinkRecipe.jsx": {"lines":{"total":29,"covered":2,"skipped":0,"pct":6.89},"functions":{"total":8,"covered":1,"skipped":0,"pct":12.5},"statements":{"total":29,"covered":2,"skipped":0,"pct":6.89},"branches":{"total":16,"covered":0,"skipped":0,"pct":0}}
,"/home/gabriel/projetos/sd-017-project-recipes-app/src/pages/Drinks.jsx": {"lines":{"total":9,"covered":1,"skipped":0,"pct":11.11},"functions":{"total":6,"covered":1,"skipped":0,"pct":16.66},"statements":{"total":11,"covered":1,"skipped":0,"pct":9.09},"branches":{"total":0,"covered":0,"skipped":0,"pct":100}}
,"/home/gabriel/projetos/sd-017-project-recipes-app/src/pages/Explore.jsx": {"lines":{"total":4,"covered":2,"skipped":0,"pct":50},"functions":{"total":3,"covered":1,"skipped":0,"pct":33.33},"statements":{"total":4,"covered":2,"skipped":0,"pct":50},"branches":{"total":0,"covered":0,"skipped":0,"pct":100}}
,"/home/gabriel/projetos/sd-017-project-recipes-app/src/pages/ExploreDrink.jsx": {"lines":{"total":5,"covered":2,"skipped":0,"pct":40},"functions":{"total":3,"covered":1,"skipped":0,"pct":33.33},"statements":{"total":5,"covered":2,"skipped":0,"pct":40},"branches":{"total":0,"covered":0,"skipped":0,"pct":100}}
,"/home/gabriel/projetos/sd-017-project-recipes-app/src/pages/ExploreDrinkIng.jsx": {"lines":{"total":1,"covered":1,"skipped":0,"pct":100},"functions":{"total":1,"covered":1,"skipped":0,"pct":100},"statements":{"total":1,"covered":1,"skipped":0,"pct":100},"branches":{"total":0,"covered":0,"skipped":0,"pct":100}}
,"/home/gabriel/projetos/sd-017-project-recipes-app/src/pages/ExploreFood.jsx": {"lines":{"total":6,"covered":2,"skipped":0,"pct":33.33},"functions":{"total":4,"covered":1,"skipped":0,"pct":25},"statements":{"total":6,"covered":2,"skipped":0,"pct":33.33},"branches":{"total":0,"covered":0,"skipped":0,"pct":100}}
,"/home/gabriel/projetos/sd-017-project-recipes-app/src/pages/ExploreFoodIng.jsx": {"lines":{"total":1,"covered":1,"skipped":0,"pct":100},"functions":{"total":1,"covered":1,"skipped":0,"pct":100},"statements":{"total":1,"covered":1,"skipped":0,"pct":100},"branches":{"total":0,"covered":0,"skipped":0,"pct":100}}
,"/home/gabriel/projetos/sd-017-project-recipes-app/src/pages/ExploreFoodNat.jsx": {"lines":{"total":1,"covered":1,"skipped":0,"pct":100},"functions":{"total":1,"covered":1,"skipped":0,"pct":100},"statements":{"total":1,"covered":1,"skipped":0,"pct":100},"branches":{"total":0,"covered":0,"skipped":0,"pct":100}}
,"/home/gabriel/projetos/sd-017-project-recipes-app/src/pages/Favorite.jsx": {"lines":{"total":1,"covered":1,"skipped":0,"pct":100},"functions":{"total":1,"covered":1,"skipped":0,"pct":100},"statements":{"total":1,"covered":1,"skipped":0,"pct":100},"branches":{"total":0,"covered":0,"skipped":0,"pct":100}}
,"/home/gabriel/projetos/sd-017-project-recipes-app/src/pages/FoodProgress.jsx": {"lines":{"total":1,"covered":1,"skipped":0,"pct":100},"functions":{"total":1,"covered":1,"skipped":0,"pct":100},"statements":{"total":1,"covered":1,"skipped":0,"pct":100},"branches":{"total":0,"covered":0,"skipped":0,"pct":100}}
,"/home/gabriel/projetos/sd-017-project-recipes-app/src/pages/FoodRecipe.jsx": {"lines":{"total":29,"covered":2,"skipped":0,"pct":6.89},"functions":{"total":8,"covered":1,"skipped":0,"pct":12.5},"statements":{"total":29,"covered":2,"skipped":0,"pct":6.89},"branches":{"total":14,"covered":0,"skipped":0,"pct":0}}
,"/home/gabriel/projetos/sd-017-project-recipes-app/src/pages/Foods.jsx": {"lines":{"total":9,"covered":4,"skipped":0,"pct":44.44},"functions":{"total":6,"covered":1,"skipped":0,"pct":16.66},"statements":{"total":11,"covered":4,"skipped":0,"pct":36.36},"branches":{"total":0,"covered":0,"skipped":0,"pct":100}}
,"/home/gabriel/projetos/sd-017-project-recipes-app/src/pages/Login.jsx": {"lines":{"total":20,"covered":20,"skipped":0,"pct":100},"functions":{"total":5,"covered":5,"skipped":0,"pct":100},"statements":{"total":20,"covered":20,"skipped":0,"pct":100},"branches":{"total":6,"covered":6,"skipped":0,"pct":100}}
,"/home/gabriel/projetos/sd-017-project-recipes-app/src/pages/Profile.jsx": {"lines":{"total":9,"covered":3,"skipped":0,"pct":33.33},"functions":{"total":4,"covered":1,"skipped":0,"pct":25},"statements":{"total":9,"covered":3,"skipped":0,"pct":33.33},"branches":{"total":2,"covered":1,"skipped":0,"pct":50}}
,"/home/gabriel/projetos/sd-017-project-recipes-app/src/services/fetchByCategory.js": {"lines":{"total":16,"covered":2,"skipped":0,"pct":12.5},"functions":{"total":2,"covered":0,"skipped":0,"pct":0},"statements":{"total":16,"covered":2,"skipped":0,"pct":12.5},"branches":{"total":0,"covered":0,"skipped":0,"pct":100}}
,"/home/gabriel/projetos/sd-017-project-recipes-app/src/services/fetchCategorys.js": {"lines":{"total":14,"covered":5,"skipped":0,"pct":35.71},"functions":{"total":2,"covered":1,"skipped":0,"pct":50},"statements":{"total":14,"covered":5,"skipped":0,"pct":35.71},"branches":{"total":0,"covered":0,"skipped":0,"pct":100}}
,"/home/gabriel/projetos/sd-017-project-recipes-app/src/services/fetchData.js": {"lines":{"total":13,"covered":1,"skipped":0,"pct":7.69},"functions":{"total":1,"covered":0,"skipped":0,"pct":0},"statements":{"total":13,"covered":1,"skipped":0,"pct":7.69},"branches":{"total":10,"covered":0,"skipped":0,"pct":0}}
,"/home/gabriel/projetos/sd-017-project-recipes-app/src/services/fetchDrinkRecipe .js": {"lines":{"total":7,"covered":1,"skipped":0,"pct":14.28},"functions":{"total":1,"covered":0,"skipped":0,"pct":0},"statements":{"total":7,"covered":1,"skipped":0,"pct":14.28},"branches":{"total":0,"covered":0,"skipped":0,"pct":100}}
,"/home/gabriel/projetos/sd-017-project-recipes-app/src/services/fetchFoodRecipe.js": {"lines":{"total":7,"covered":1,"skipped":0,"pct":14.28},"functions":{"total":1,"covered":0,"skipped":0,"pct":0},"statements":{"total":7,"covered":1,"skipped":0,"pct":14.28},"branches":{"total":0,"covered":0,"skipped":0,"pct":100}}
,"/home/gabriel/projetos/sd-017-project-recipes-app/src/services/fetchInicialData.js": {"lines":{"total":14,"covered":5,"skipped":0,"pct":35.71},"functions":{"total":2,"covered":1,"skipped":0,"pct":50},"statements":{"total":14,"covered":5,"skipped":0,"pct":35.71},"branches":{"total":0,"covered":0,"skipped":0,"pct":100}}
,"/home/gabriel/projetos/sd-017-project-recipes-app/src/services/fetchRandomRecipe.js": {"lines":{"total":14,"covered":5,"skipped":0,"pct":35.71},"functions":{"total":2,"covered":1,"skipped":0,"pct":50},"statements":{"total":14,"covered":5,"skipped":0,"pct":35.71},"branches":{"total":0,"covered":0,"skipped":0,"pct":100}}
,"/home/gabriel/projetos/sd-017-project-recipes-app/src/tests/renderWithRouter.js": {"lines":{"total":3,"covered":3,"skipped":0,"pct":100},"functions":{"total":1,"covered":1,"skipped":0,"pct":100},"statements":{"total":3,"covered":3,"skipped":0,"pct":100},"branches":{"total":0,"covered":0,"skipped":0,"pct":100}}
}
